2024-12-19T21:11:22: node:internal/errors:496
2024-12-19T21:11:22:     ErrorCaptureStackTrace(err);
2024-12-19T21:11:22:     ^
2024-12-19T21:11:22: 
2024-12-19T21:11:22: Error [ERR_MODULE_NOT_FOUND]: Cannot find package 'winston' imported from /home/bish/Downloads/sites/crm-platform/src/importCsv.js
2024-12-19T21:11:22:     at new NodeError (node:internal/errors:405:5)
2024-12-19T21:11:22:     at packageResolve (node:internal/modules/esm/resolve:916:9)
2024-12-19T21:11:22:     at moduleResolve (node:internal/modules/esm/resolve:973:20)
2024-12-19T21:11:22:     at defaultResolve (node:internal/modules/esm/resolve:1193:11)
2024-12-19T21:11:22:     at ModuleLoader.defaultResolve (node:internal/modules/esm/loader:403:12)
2024-12-19T21:11:22:     at ModuleLoader.resolve (node:internal/modules/esm/loader:372:25)
2024-12-19T21:11:22:     at ModuleLoader.getModuleJob (node:internal/modules/esm/loader:249:38)
2024-12-19T21:11:22:     at ModuleWrap.<anonymous> (node:internal/modules/esm/module_job:76:39)
2024-12-19T21:11:22:     at link (node:internal/modules/esm/module_job:75:36) {
2024-12-19T21:11:22:   code: 'ERR_MODULE_NOT_FOUND'
2024-12-19T21:11:22: }
2024-12-19T21:11:22: 
2024-12-19T21:11:22: Node.js v18.19.0
2024-12-19T21:11:24: node:internal/errors:496
2024-12-19T21:11:24:     ErrorCaptureStackTrace(err);
2024-12-19T21:11:24:     ^
2024-12-19T21:11:24: 
2024-12-19T21:11:24: Error [ERR_MODULE_NOT_FOUND]: Cannot find package 'winston' imported from /home/bish/Downloads/sites/crm-platform/src/importCsv.js
2024-12-19T21:11:24:     at new NodeError (node:internal/errors:405:5)
2024-12-19T21:11:24:     at packageResolve (node:internal/modules/esm/resolve:916:9)
2024-12-19T21:11:24:     at moduleResolve (node:internal/modules/esm/resolve:973:20)
2024-12-19T21:11:24:     at defaultResolve (node:internal/modules/esm/resolve:1193:11)
2024-12-19T21:11:24:     at ModuleLoader.defaultResolve (node:internal/modules/esm/loader:403:12)
2024-12-19T21:11:24:     at ModuleLoader.resolve (node:internal/modules/esm/loader:372:25)
2024-12-19T21:11:24:     at ModuleLoader.getModuleJob (node:internal/modules/esm/loader:249:38)
2024-12-19T21:11:24:     at ModuleWrap.<anonymous> (node:internal/modules/esm/module_job:76:39)
2024-12-19T21:11:24:     at link (node:internal/modules/esm/module_job:75:36) {
2024-12-19T21:11:24:   code: 'ERR_MODULE_NOT_FOUND'
2024-12-19T21:11:24: }
2024-12-19T21:11:24: 
2024-12-19T21:11:24: Node.js v18.19.0
2024-12-19T21:11:25: node:internal/errors:496
2024-12-19T21:11:25:     ErrorCaptureStackTrace(err);
2024-12-19T21:11:25:     ^
2024-12-19T21:11:25: 
2024-12-19T21:11:25: Error [ERR_MODULE_NOT_FOUND]: Cannot find package 'winston' imported from /home/bish/Downloads/sites/crm-platform/src/importCsv.js
2024-12-19T21:11:25:     at new NodeError (node:internal/errors:405:5)
2024-12-19T21:11:25:     at packageResolve (node:internal/modules/esm/resolve:916:9)
2024-12-19T21:11:25:     at moduleResolve (node:internal/modules/esm/resolve:973:20)
2024-12-19T21:11:25:     at defaultResolve (node:internal/modules/esm/resolve:1193:11)
2024-12-19T21:11:25:     at ModuleLoader.defaultResolve (node:internal/modules/esm/loader:403:12)
2024-12-19T21:11:25:     at ModuleLoader.resolve (node:internal/modules/esm/loader:372:25)
2024-12-19T21:11:25:     at ModuleLoader.getModuleJob (node:internal/modules/esm/loader:249:38)
2024-12-19T21:11:25:     at ModuleWrap.<anonymous> (node:internal/modules/esm/module_job:76:39)
2024-12-19T21:11:25:     at link (node:internal/modules/esm/module_job:75:36) {
2024-12-19T21:11:25:   code: 'ERR_MODULE_NOT_FOUND'
2024-12-19T21:11:25: }
2024-12-19T21:11:25: 
2024-12-19T21:11:25: Node.js v18.19.0
2024-12-19T21:11:25: node:internal/errors:496
2024-12-19T21:11:25:     ErrorCaptureStackTrace(err);
2024-12-19T21:11:25:     ^
2024-12-19T21:11:25: 
2024-12-19T21:11:25: Error [ERR_MODULE_NOT_FOUND]: Cannot find package 'winston' imported from /home/bish/Downloads/sites/crm-platform/src/importCsv.js
2024-12-19T21:11:25:     at new NodeError (node:internal/errors:405:5)
2024-12-19T21:11:25:     at packageResolve (node:internal/modules/esm/resolve:916:9)
2024-12-19T21:11:25:     at moduleResolve (node:internal/modules/esm/resolve:973:20)
2024-12-19T21:11:25:     at defaultResolve (node:internal/modules/esm/resolve:1193:11)
2024-12-19T21:11:25:     at ModuleLoader.defaultResolve (node:internal/modules/esm/loader:403:12)
2024-12-19T21:11:25:     at ModuleLoader.resolve (node:internal/modules/esm/loader:372:25)
2024-12-19T21:11:25:     at ModuleLoader.getModuleJob (node:internal/modules/esm/loader:249:38)
2024-12-19T21:11:25:     at ModuleWrap.<anonymous> (node:internal/modules/esm/module_job:76:39)
2024-12-19T21:11:25:     at link (node:internal/modules/esm/module_job:75:36) {
2024-12-19T21:11:25:   code: 'ERR_MODULE_NOT_FOUND'
2024-12-19T21:11:25: }
2024-12-19T21:11:25: 
2024-12-19T21:11:25: Node.js v18.19.0
2024-12-19T21:11:26: node:internal/errors:496
2024-12-19T21:11:26:     ErrorCaptureStackTrace(err);
2024-12-19T21:11:26:     ^
2024-12-19T21:11:26: 
2024-12-19T21:11:26: Error [ERR_MODULE_NOT_FOUND]: Cannot find package 'winston' imported from /home/bish/Downloads/sites/crm-platform/src/importCsv.js
2024-12-19T21:11:26:     at new NodeError (node:internal/errors:405:5)
2024-12-19T21:11:26:     at packageResolve (node:internal/modules/esm/resolve:916:9)
2024-12-19T21:11:26:     at moduleResolve (node:internal/modules/esm/resolve:973:20)
2024-12-19T21:11:26:     at defaultResolve (node:internal/modules/esm/resolve:1193:11)
2024-12-19T21:11:26:     at ModuleLoader.defaultResolve (node:internal/modules/esm/loader:403:12)
2024-12-19T21:11:26:     at ModuleLoader.resolve (node:internal/modules/esm/loader:372:25)
2024-12-19T21:11:26:     at ModuleLoader.getModuleJob (node:internal/modules/esm/loader:249:38)
2024-12-19T21:11:26:     at ModuleWrap.<anonymous> (node:internal/modules/esm/module_job:76:39)
2024-12-19T21:11:26:     at link (node:internal/modules/esm/module_job:75:36) {
2024-12-19T21:11:26:   code: 'ERR_MODULE_NOT_FOUND'
2024-12-19T21:11:26: }
2024-12-19T21:11:26: 
2024-12-19T21:11:26: Node.js v18.19.0
2024-12-19T21:11:27: node:internal/errors:496
2024-12-19T21:11:27:     ErrorCaptureStackTrace(err);
2024-12-19T21:11:27:     ^
2024-12-19T21:11:27: 
2024-12-19T21:11:27: Error [ERR_MODULE_NOT_FOUND]: Cannot find package 'winston' imported from /home/bish/Downloads/sites/crm-platform/src/importCsv.js
2024-12-19T21:11:27:     at new NodeError (node:internal/errors:405:5)
2024-12-19T21:11:27:     at packageResolve (node:internal/modules/esm/resolve:916:9)
2024-12-19T21:11:27:     at moduleResolve (node:internal/modules/esm/resolve:973:20)
2024-12-19T21:11:27:     at defaultResolve (node:internal/modules/esm/resolve:1193:11)
2024-12-19T21:11:27:     at ModuleLoader.defaultResolve (node:internal/modules/esm/loader:403:12)
2024-12-19T21:11:27:     at ModuleLoader.resolve (node:internal/modules/esm/loader:372:25)
2024-12-19T21:11:27:     at ModuleLoader.getModuleJob (node:internal/modules/esm/loader:249:38)
2024-12-19T21:11:27:     at ModuleWrap.<anonymous> (node:internal/modules/esm/module_job:76:39)
2024-12-19T21:11:27:     at link (node:internal/modules/esm/module_job:75:36) {
2024-12-19T21:11:27:   code: 'ERR_MODULE_NOT_FOUND'
2024-12-19T21:11:27: }
2024-12-19T21:11:27: 
2024-12-19T21:11:27: Node.js v18.19.0
2024-12-19T21:11:28: node:internal/errors:496
2024-12-19T21:11:28:     ErrorCaptureStackTrace(err);
2024-12-19T21:11:28:     ^
2024-12-19T21:11:28: 
2024-12-19T21:11:28: Error [ERR_MODULE_NOT_FOUND]: Cannot find package 'winston' imported from /home/bish/Downloads/sites/crm-platform/src/importCsv.js
2024-12-19T21:11:28:     at new NodeError (node:internal/errors:405:5)
2024-12-19T21:11:28:     at packageResolve (node:internal/modules/esm/resolve:916:9)
2024-12-19T21:11:28:     at moduleResolve (node:internal/modules/esm/resolve:973:20)
2024-12-19T21:11:28:     at defaultResolve (node:internal/modules/esm/resolve:1193:11)
2024-12-19T21:11:28:     at ModuleLoader.defaultResolve (node:internal/modules/esm/loader:403:12)
2024-12-19T21:11:28:     at ModuleLoader.resolve (node:internal/modules/esm/loader:372:25)
2024-12-19T21:11:28:     at ModuleLoader.getModuleJob (node:internal/modules/esm/loader:249:38)
2024-12-19T21:11:28:     at ModuleWrap.<anonymous> (node:internal/modules/esm/module_job:76:39)
2024-12-19T21:11:28:     at link (node:internal/modules/esm/module_job:75:36) {
2024-12-19T21:11:28:   code: 'ERR_MODULE_NOT_FOUND'
2024-12-19T21:11:28: }
2024-12-19T21:11:28: 
2024-12-19T21:11:28: Node.js v18.19.0
2024-12-19T21:11:29: node:internal/errors:496
2024-12-19T21:11:29:     ErrorCaptureStackTrace(err);
2024-12-19T21:11:29:     ^
2024-12-19T21:11:29: 
2024-12-19T21:11:29: Error [ERR_MODULE_NOT_FOUND]: Cannot find package 'winston' imported from /home/bish/Downloads/sites/crm-platform/src/importCsv.js
2024-12-19T21:11:29:     at new NodeError (node:internal/errors:405:5)
2024-12-19T21:11:29:     at packageResolve (node:internal/modules/esm/resolve:916:9)
2024-12-19T21:11:29:     at moduleResolve (node:internal/modules/esm/resolve:973:20)
2024-12-19T21:11:29:     at defaultResolve (node:internal/modules/esm/resolve:1193:11)
2024-12-19T21:11:29:     at ModuleLoader.defaultResolve (node:internal/modules/esm/loader:403:12)
2024-12-19T21:11:29:     at ModuleLoader.resolve (node:internal/modules/esm/loader:372:25)
2024-12-19T21:11:29:     at ModuleLoader.getModuleJob (node:internal/modules/esm/loader:249:38)
2024-12-19T21:11:29:     at ModuleWrap.<anonymous> (node:internal/modules/esm/module_job:76:39)
2024-12-19T21:11:29:     at link (node:internal/modules/esm/module_job:75:36) {
2024-12-19T21:11:29:   code: 'ERR_MODULE_NOT_FOUND'
2024-12-19T21:11:29: }
2024-12-19T21:11:29: 
2024-12-19T21:11:29: Node.js v18.19.0
2024-12-19T21:11:29: node:internal/errors:496
2024-12-19T21:11:29:     ErrorCaptureStackTrace(err);
2024-12-19T21:11:29:     ^
2024-12-19T21:11:29: 
2024-12-19T21:11:29: Error [ERR_MODULE_NOT_FOUND]: Cannot find package 'winston' imported from /home/bish/Downloads/sites/crm-platform/src/importCsv.js
2024-12-19T21:11:29:     at new NodeError (node:internal/errors:405:5)
2024-12-19T21:11:29:     at packageResolve (node:internal/modules/esm/resolve:916:9)
2024-12-19T21:11:29:     at moduleResolve (node:internal/modules/esm/resolve:973:20)
2024-12-19T21:11:29:     at defaultResolve (node:internal/modules/esm/resolve:1193:11)
2024-12-19T21:11:29:     at ModuleLoader.defaultResolve (node:internal/modules/esm/loader:403:12)
2024-12-19T21:11:29:     at ModuleLoader.resolve (node:internal/modules/esm/loader:372:25)
2024-12-19T21:11:29:     at ModuleLoader.getModuleJob (node:internal/modules/esm/loader:249:38)
2024-12-19T21:11:29:     at ModuleWrap.<anonymous> (node:internal/modules/esm/module_job:76:39)
2024-12-19T21:11:29:     at link (node:internal/modules/esm/module_job:75:36) {
2024-12-19T21:11:29:   code: 'ERR_MODULE_NOT_FOUND'
2024-12-19T21:11:29: }
2024-12-19T21:11:29: 
2024-12-19T21:11:29: Node.js v18.19.0
2024-12-19T21:11:30: node:internal/errors:496
2024-12-19T21:11:30:     ErrorCaptureStackTrace(err);
2024-12-19T21:11:30:     ^
2024-12-19T21:11:30: 
2024-12-19T21:11:30: Error [ERR_MODULE_NOT_FOUND]: Cannot find package 'winston' imported from /home/bish/Downloads/sites/crm-platform/src/importCsv.js
2024-12-19T21:11:30:     at new NodeError (node:internal/errors:405:5)
2024-12-19T21:11:30:     at packageResolve (node:internal/modules/esm/resolve:916:9)
2024-12-19T21:11:30:     at moduleResolve (node:internal/modules/esm/resolve:973:20)
2024-12-19T21:11:30:     at defaultResolve (node:internal/modules/esm/resolve:1193:11)
2024-12-19T21:11:30:     at ModuleLoader.defaultResolve (node:internal/modules/esm/loader:403:12)
2024-12-19T21:11:30:     at ModuleLoader.resolve (node:internal/modules/esm/loader:372:25)
2024-12-19T21:11:30:     at ModuleLoader.getModuleJob (node:internal/modules/esm/loader:249:38)
2024-12-19T21:11:30:     at ModuleWrap.<anonymous> (node:internal/modules/esm/module_job:76:39)
2024-12-19T21:11:30:     at link (node:internal/modules/esm/module_job:75:36) {
2024-12-19T21:11:30:   code: 'ERR_MODULE_NOT_FOUND'
2024-12-19T21:11:30: }
2024-12-19T21:11:30: 
2024-12-19T21:11:30: Node.js v18.19.0
2024-12-19T21:11:31: node:internal/errors:496
2024-12-19T21:11:31:     ErrorCaptureStackTrace(err);
2024-12-19T21:11:31:     ^
2024-12-19T21:11:31: 
2024-12-19T21:11:31: Error [ERR_MODULE_NOT_FOUND]: Cannot find package 'winston' imported from /home/bish/Downloads/sites/crm-platform/src/importCsv.js
2024-12-19T21:11:31:     at new NodeError (node:internal/errors:405:5)
2024-12-19T21:11:31:     at packageResolve (node:internal/modules/esm/resolve:916:9)
2024-12-19T21:11:31:     at moduleResolve (node:internal/modules/esm/resolve:973:20)
2024-12-19T21:11:31:     at defaultResolve (node:internal/modules/esm/resolve:1193:11)
2024-12-19T21:11:31:     at ModuleLoader.defaultResolve (node:internal/modules/esm/loader:403:12)
2024-12-19T21:11:31:     at ModuleLoader.resolve (node:internal/modules/esm/loader:372:25)
2024-12-19T21:11:31:     at ModuleLoader.getModuleJob (node:internal/modules/esm/loader:249:38)
2024-12-19T21:11:31:     at ModuleWrap.<anonymous> (node:internal/modules/esm/module_job:76:39)
2024-12-19T21:11:31:     at link (node:internal/modules/esm/module_job:75:36) {
2024-12-19T21:11:31:   code: 'ERR_MODULE_NOT_FOUND'
2024-12-19T21:11:31: }
2024-12-19T21:11:31: 
2024-12-19T21:11:31: Node.js v18.19.0
2024-12-19T21:11:32: node:internal/errors:496
2024-12-19T21:11:32:     ErrorCaptureStackTrace(err);
2024-12-19T21:11:32:     ^
2024-12-19T21:11:32: 
2024-12-19T21:11:32: Error [ERR_MODULE_NOT_FOUND]: Cannot find package 'winston' imported from /home/bish/Downloads/sites/crm-platform/src/importCsv.js
2024-12-19T21:11:32:     at new NodeError (node:internal/errors:405:5)
2024-12-19T21:11:32:     at packageResolve (node:internal/modules/esm/resolve:916:9)
2024-12-19T21:11:32:     at moduleResolve (node:internal/modules/esm/resolve:973:20)
2024-12-19T21:11:32:     at defaultResolve (node:internal/modules/esm/resolve:1193:11)
2024-12-19T21:11:32:     at ModuleLoader.defaultResolve (node:internal/modules/esm/loader:403:12)
2024-12-19T21:11:32:     at ModuleLoader.resolve (node:internal/modules/esm/loader:372:25)
2024-12-19T21:11:32:     at ModuleLoader.getModuleJob (node:internal/modules/esm/loader:249:38)
2024-12-19T21:11:32:     at ModuleWrap.<anonymous> (node:internal/modules/esm/module_job:76:39)
2024-12-19T21:11:32:     at link (node:internal/modules/esm/module_job:75:36) {
2024-12-19T21:11:32:   code: 'ERR_MODULE_NOT_FOUND'
2024-12-19T21:11:32: }
2024-12-19T21:11:32: 
2024-12-19T21:11:32: Node.js v18.19.0
2024-12-19T21:11:33: node:internal/errors:496
2024-12-19T21:11:33:     ErrorCaptureStackTrace(err);
2024-12-19T21:11:33:     ^
2024-12-19T21:11:33: 
2024-12-19T21:11:33: Error [ERR_MODULE_NOT_FOUND]: Cannot find package 'winston' imported from /home/bish/Downloads/sites/crm-platform/src/importCsv.js
2024-12-19T21:11:33:     at new NodeError (node:internal/errors:405:5)
2024-12-19T21:11:33:     at packageResolve (node:internal/modules/esm/resolve:916:9)
2024-12-19T21:11:33:     at moduleResolve (node:internal/modules/esm/resolve:973:20)
2024-12-19T21:11:33:     at defaultResolve (node:internal/modules/esm/resolve:1193:11)
2024-12-19T21:11:33:     at ModuleLoader.defaultResolve (node:internal/modules/esm/loader:403:12)
2024-12-19T21:11:33:     at ModuleLoader.resolve (node:internal/modules/esm/loader:372:25)
2024-12-19T21:11:33:     at ModuleLoader.getModuleJob (node:internal/modules/esm/loader:249:38)
2024-12-19T21:11:33:     at ModuleWrap.<anonymous> (node:internal/modules/esm/module_job:76:39)
2024-12-19T21:11:33:     at link (node:internal/modules/esm/module_job:75:36) {
2024-12-19T21:11:33:   code: 'ERR_MODULE_NOT_FOUND'
2024-12-19T21:11:33: }
2024-12-19T21:11:33: 
2024-12-19T21:11:33: Node.js v18.19.0
2024-12-19T21:11:34: node:internal/errors:496
2024-12-19T21:11:34:     ErrorCaptureStackTrace(err);
2024-12-19T21:11:34:     ^
2024-12-19T21:11:34: 
2024-12-19T21:11:34: Error [ERR_MODULE_NOT_FOUND]: Cannot find package 'winston' imported from /home/bish/Downloads/sites/crm-platform/src/importCsv.js
2024-12-19T21:11:34:     at new NodeError (node:internal/errors:405:5)
2024-12-19T21:11:34:     at packageResolve (node:internal/modules/esm/resolve:916:9)
2024-12-19T21:11:34:     at moduleResolve (node:internal/modules/esm/resolve:973:20)
2024-12-19T21:11:34:     at defaultResolve (node:internal/modules/esm/resolve:1193:11)
2024-12-19T21:11:34:     at ModuleLoader.defaultResolve (node:internal/modules/esm/loader:403:12)
2024-12-19T21:11:34:     at ModuleLoader.resolve (node:internal/modules/esm/loader:372:25)
2024-12-19T21:11:34:     at ModuleLoader.getModuleJob (node:internal/modules/esm/loader:249:38)
2024-12-19T21:11:34:     at ModuleWrap.<anonymous> (node:internal/modules/esm/module_job:76:39)
2024-12-19T21:11:34:     at link (node:internal/modules/esm/module_job:75:36) {
2024-12-19T21:11:34:   code: 'ERR_MODULE_NOT_FOUND'
2024-12-19T21:11:34: }
2024-12-19T21:11:34: 
2024-12-19T21:11:34: Node.js v18.19.0
2024-12-19T21:11:35: node:internal/errors:496
2024-12-19T21:11:35:     ErrorCaptureStackTrace(err);
2024-12-19T21:11:35:     ^
2024-12-19T21:11:35: 
2024-12-19T21:11:35: Error [ERR_MODULE_NOT_FOUND]: Cannot find package 'winston' imported from /home/bish/Downloads/sites/crm-platform/src/importCsv.js
2024-12-19T21:11:35:     at new NodeError (node:internal/errors:405:5)
2024-12-19T21:11:35:     at packageResolve (node:internal/modules/esm/resolve:916:9)
2024-12-19T21:11:35:     at moduleResolve (node:internal/modules/esm/resolve:973:20)
2024-12-19T21:11:35:     at defaultResolve (node:internal/modules/esm/resolve:1193:11)
2024-12-19T21:11:35:     at ModuleLoader.defaultResolve (node:internal/modules/esm/loader:403:12)
2024-12-19T21:11:35:     at ModuleLoader.resolve (node:internal/modules/esm/loader:372:25)
2024-12-19T21:11:35:     at ModuleLoader.getModuleJob (node:internal/modules/esm/loader:249:38)
2024-12-19T21:11:35:     at ModuleWrap.<anonymous> (node:internal/modules/esm/module_job:76:39)
2024-12-19T21:11:35:     at link (node:internal/modules/esm/module_job:75:36) {
2024-12-19T21:11:35:   code: 'ERR_MODULE_NOT_FOUND'
2024-12-19T21:11:35: }
2024-12-19T21:11:35: 
2024-12-19T21:11:35: Node.js v18.19.0
2024-12-19T21:11:35: node:internal/errors:496
2024-12-19T21:11:35:     ErrorCaptureStackTrace(err);
2024-12-19T21:11:35:     ^
2024-12-19T21:11:35: 
2024-12-19T21:11:35: Error [ERR_MODULE_NOT_FOUND]: Cannot find package 'winston' imported from /home/bish/Downloads/sites/crm-platform/src/importCsv.js
2024-12-19T21:11:35:     at new NodeError (node:internal/errors:405:5)
2024-12-19T21:11:35:     at packageResolve (node:internal/modules/esm/resolve:916:9)
2024-12-19T21:11:35:     at moduleResolve (node:internal/modules/esm/resolve:973:20)
2024-12-19T21:11:35:     at defaultResolve (node:internal/modules/esm/resolve:1193:11)
2024-12-19T21:11:35:     at ModuleLoader.defaultResolve (node:internal/modules/esm/loader:403:12)
2024-12-19T21:11:35:     at ModuleLoader.resolve (node:internal/modules/esm/loader:372:25)
2024-12-19T21:11:35:     at ModuleLoader.getModuleJob (node:internal/modules/esm/loader:249:38)
2024-12-19T21:11:35:     at ModuleWrap.<anonymous> (node:internal/modules/esm/module_job:76:39)
2024-12-19T21:11:35:     at link (node:internal/modules/esm/module_job:75:36) {
2024-12-19T21:11:35:   code: 'ERR_MODULE_NOT_FOUND'
2024-12-19T21:11:35: }
2024-12-19T21:11:35: 
2024-12-19T21:11:35: Node.js v18.19.0
2024-12-19T21:11:36: node:internal/errors:496
2024-12-19T21:11:36:     ErrorCaptureStackTrace(err);
2024-12-19T21:11:36:     ^
2024-12-19T21:11:36: 
2024-12-19T21:11:36: Error [ERR_MODULE_NOT_FOUND]: Cannot find package 'winston' imported from /home/bish/Downloads/sites/crm-platform/src/importCsv.js
2024-12-19T21:11:36:     at new NodeError (node:internal/errors:405:5)
2024-12-19T21:11:36:     at packageResolve (node:internal/modules/esm/resolve:916:9)
2024-12-19T21:11:36:     at moduleResolve (node:internal/modules/esm/resolve:973:20)
2024-12-19T21:11:36:     at defaultResolve (node:internal/modules/esm/resolve:1193:11)
2024-12-19T21:11:36:     at ModuleLoader.defaultResolve (node:internal/modules/esm/loader:403:12)
2024-12-19T21:11:36:     at ModuleLoader.resolve (node:internal/modules/esm/loader:372:25)
2024-12-19T21:11:36:     at ModuleLoader.getModuleJob (node:internal/modules/esm/loader:249:38)
2024-12-19T21:11:36:     at ModuleWrap.<anonymous> (node:internal/modules/esm/module_job:76:39)
2024-12-19T21:11:36:     at link (node:internal/modules/esm/module_job:75:36) {
2024-12-19T21:11:36:   code: 'ERR_MODULE_NOT_FOUND'
2024-12-19T21:11:36: }
2024-12-19T21:11:36: 
2024-12-19T21:11:36: Node.js v18.19.0
2024-12-19T21:11:37: node:internal/errors:496
2024-12-19T21:11:37:     ErrorCaptureStackTrace(err);
2024-12-19T21:11:37:     ^
2024-12-19T21:11:37: 
2024-12-19T21:11:37: Error [ERR_MODULE_NOT_FOUND]: Cannot find package 'winston' imported from /home/bish/Downloads/sites/crm-platform/src/importCsv.js
2024-12-19T21:11:37:     at new NodeError (node:internal/errors:405:5)
2024-12-19T21:11:37:     at packageResolve (node:internal/modules/esm/resolve:916:9)
2024-12-19T21:11:37:     at moduleResolve (node:internal/modules/esm/resolve:973:20)
2024-12-19T21:11:37:     at defaultResolve (node:internal/modules/esm/resolve:1193:11)
2024-12-19T21:11:37:     at ModuleLoader.defaultResolve (node:internal/modules/esm/loader:403:12)
2024-12-19T21:11:37:     at ModuleLoader.resolve (node:internal/modules/esm/loader:372:25)
2024-12-19T21:11:37:     at ModuleLoader.getModuleJob (node:internal/modules/esm/loader:249:38)
2024-12-19T21:11:37:     at ModuleWrap.<anonymous> (node:internal/modules/esm/module_job:76:39)
2024-12-19T21:11:37:     at link (node:internal/modules/esm/module_job:75:36) {
2024-12-19T21:11:37:   code: 'ERR_MODULE_NOT_FOUND'
2024-12-19T21:11:37: }
2024-12-19T21:11:37: 
2024-12-19T21:11:37: Node.js v18.19.0
2024-12-19T21:11:38: node:internal/errors:496
2024-12-19T21:11:38:     ErrorCaptureStackTrace(err);
2024-12-19T21:11:38:     ^
2024-12-19T21:11:38: 
2024-12-19T21:11:38: Error [ERR_MODULE_NOT_FOUND]: Cannot find package 'winston' imported from /home/bish/Downloads/sites/crm-platform/src/importCsv.js
2024-12-19T21:11:38:     at new NodeError (node:internal/errors:405:5)
2024-12-19T21:11:38:     at packageResolve (node:internal/modules/esm/resolve:916:9)
2024-12-19T21:11:38:     at moduleResolve (node:internal/modules/esm/resolve:973:20)
2024-12-19T21:11:38:     at defaultResolve (node:internal/modules/esm/resolve:1193:11)
2024-12-19T21:11:38:     at ModuleLoader.defaultResolve (node:internal/modules/esm/loader:403:12)
2024-12-19T21:11:38:     at ModuleLoader.resolve (node:internal/modules/esm/loader:372:25)
2024-12-19T21:11:38:     at ModuleLoader.getModuleJob (node:internal/modules/esm/loader:249:38)
2024-12-19T21:11:38:     at ModuleWrap.<anonymous> (node:internal/modules/esm/module_job:76:39)
2024-12-19T21:11:38:     at link (node:internal/modules/esm/module_job:75:36) {
2024-12-19T21:11:38:   code: 'ERR_MODULE_NOT_FOUND'
2024-12-19T21:11:38: }
2024-12-19T21:11:38: 
2024-12-19T21:11:38: Node.js v18.19.0
2024-12-19T21:11:39: node:internal/errors:496
2024-12-19T21:11:39:     ErrorCaptureStackTrace(err);
2024-12-19T21:11:39:     ^
2024-12-19T21:11:39: 
2024-12-19T21:11:39: Error [ERR_MODULE_NOT_FOUND]: Cannot find package 'winston' imported from /home/bish/Downloads/sites/crm-platform/src/importCsv.js
2024-12-19T21:11:39:     at new NodeError (node:internal/errors:405:5)
2024-12-19T21:11:39:     at packageResolve (node:internal/modules/esm/resolve:916:9)
2024-12-19T21:11:39:     at moduleResolve (node:internal/modules/esm/resolve:973:20)
2024-12-19T21:11:39:     at defaultResolve (node:internal/modules/esm/resolve:1193:11)
2024-12-19T21:11:39:     at ModuleLoader.defaultResolve (node:internal/modules/esm/loader:403:12)
2024-12-19T21:11:39:     at ModuleLoader.resolve (node:internal/modules/esm/loader:372:25)
2024-12-19T21:11:39:     at ModuleLoader.getModuleJob (node:internal/modules/esm/loader:249:38)
2024-12-19T21:11:39:     at ModuleWrap.<anonymous> (node:internal/modules/esm/module_job:76:39)
2024-12-19T21:11:39:     at link (node:internal/modules/esm/module_job:75:36) {
2024-12-19T21:11:39:   code: 'ERR_MODULE_NOT_FOUND'
2024-12-19T21:11:39: }
2024-12-19T21:11:39: 
2024-12-19T21:11:39: Node.js v18.19.0
2024-12-19T21:11:40: node:internal/errors:496
2024-12-19T21:11:40:     ErrorCaptureStackTrace(err);
2024-12-19T21:11:40:     ^
2024-12-19T21:11:40: 
2024-12-19T21:11:40: Error [ERR_MODULE_NOT_FOUND]: Cannot find package 'winston' imported from /home/bish/Downloads/sites/crm-platform/src/importCsv.js
2024-12-19T21:11:40:     at new NodeError (node:internal/errors:405:5)
2024-12-19T21:11:40:     at packageResolve (node:internal/modules/esm/resolve:916:9)
2024-12-19T21:11:40:     at moduleResolve (node:internal/modules/esm/resolve:973:20)
2024-12-19T21:11:40:     at defaultResolve (node:internal/modules/esm/resolve:1193:11)
2024-12-19T21:11:40:     at ModuleLoader.defaultResolve (node:internal/modules/esm/loader:403:12)
2024-12-19T21:11:40:     at ModuleLoader.resolve (node:internal/modules/esm/loader:372:25)
2024-12-19T21:11:40:     at ModuleLoader.getModuleJob (node:internal/modules/esm/loader:249:38)
2024-12-19T21:11:40:     at ModuleWrap.<anonymous> (node:internal/modules/esm/module_job:76:39)
2024-12-19T21:11:40:     at link (node:internal/modules/esm/module_job:75:36) {
2024-12-19T21:11:40:   code: 'ERR_MODULE_NOT_FOUND'
2024-12-19T21:11:40: }
2024-12-19T21:11:40: 
2024-12-19T21:11:40: Node.js v18.19.0
2024-12-19T21:11:41: node:internal/errors:496
2024-12-19T21:11:41:     ErrorCaptureStackTrace(err);
2024-12-19T21:11:41:     ^
2024-12-19T21:11:41: 
2024-12-19T21:11:41: Error [ERR_MODULE_NOT_FOUND]: Cannot find package 'winston' imported from /home/bish/Downloads/sites/crm-platform/src/importCsv.js
2024-12-19T21:11:41:     at new NodeError (node:internal/errors:405:5)
2024-12-19T21:11:41:     at packageResolve (node:internal/modules/esm/resolve:916:9)
2024-12-19T21:11:41:     at moduleResolve (node:internal/modules/esm/resolve:973:20)
2024-12-19T21:11:41:     at defaultResolve (node:internal/modules/esm/resolve:1193:11)
2024-12-19T21:11:41:     at ModuleLoader.defaultResolve (node:internal/modules/esm/loader:403:12)
2024-12-19T21:11:41:     at ModuleLoader.resolve (node:internal/modules/esm/loader:372:25)
2024-12-19T21:11:41:     at ModuleLoader.getModuleJob (node:internal/modules/esm/loader:249:38)
2024-12-19T21:11:41:     at ModuleWrap.<anonymous> (node:internal/modules/esm/module_job:76:39)
2024-12-19T21:11:41:     at link (node:internal/modules/esm/module_job:75:36) {
2024-12-19T21:11:41:   code: 'ERR_MODULE_NOT_FOUND'
2024-12-19T21:11:41: }
2024-12-19T21:11:41: 
2024-12-19T21:11:41: Node.js v18.19.0
2024-12-19T21:11:41: node:internal/errors:496
2024-12-19T21:11:41:     ErrorCaptureStackTrace(err);
2024-12-19T21:11:41:     ^
2024-12-19T21:11:41: 
2024-12-19T21:11:41: Error [ERR_MODULE_NOT_FOUND]: Cannot find package 'winston' imported from /home/bish/Downloads/sites/crm-platform/src/importCsv.js
2024-12-19T21:11:41:     at new NodeError (node:internal/errors:405:5)
2024-12-19T21:11:41:     at packageResolve (node:internal/modules/esm/resolve:916:9)
2024-12-19T21:11:41:     at moduleResolve (node:internal/modules/esm/resolve:973:20)
2024-12-19T21:11:41:     at defaultResolve (node:internal/modules/esm/resolve:1193:11)
2024-12-19T21:11:41:     at ModuleLoader.defaultResolve (node:internal/modules/esm/loader:403:12)
2024-12-19T21:11:41:     at ModuleLoader.resolve (node:internal/modules/esm/loader:372:25)
2024-12-19T21:11:41:     at ModuleLoader.getModuleJob (node:internal/modules/esm/loader:249:38)
2024-12-19T21:11:41:     at ModuleWrap.<anonymous> (node:internal/modules/esm/module_job:76:39)
2024-12-19T21:11:41:     at link (node:internal/modules/esm/module_job:75:36) {
2024-12-19T21:11:41:   code: 'ERR_MODULE_NOT_FOUND'
2024-12-19T21:11:41: }
2024-12-19T21:11:41: 
2024-12-19T21:11:41: Node.js v18.19.0
2024-12-19T21:11:42: node:internal/errors:496
2024-12-19T21:11:42:     ErrorCaptureStackTrace(err);
2024-12-19T21:11:42:     ^
2024-12-19T21:11:42: 
2024-12-19T21:11:42: Error [ERR_MODULE_NOT_FOUND]: Cannot find package 'winston' imported from /home/bish/Downloads/sites/crm-platform/src/importCsv.js
2024-12-19T21:11:42:     at new NodeError (node:internal/errors:405:5)
2024-12-19T21:11:42:     at packageResolve (node:internal/modules/esm/resolve:916:9)
2024-12-19T21:11:42:     at moduleResolve (node:internal/modules/esm/resolve:973:20)
2024-12-19T21:11:42:     at defaultResolve (node:internal/modules/esm/resolve:1193:11)
2024-12-19T21:11:42:     at ModuleLoader.defaultResolve (node:internal/modules/esm/loader:403:12)
2024-12-19T21:11:42:     at ModuleLoader.resolve (node:internal/modules/esm/loader:372:25)
2024-12-19T21:11:42:     at ModuleLoader.getModuleJob (node:internal/modules/esm/loader:249:38)
2024-12-19T21:11:42:     at ModuleWrap.<anonymous> (node:internal/modules/esm/module_job:76:39)
2024-12-19T21:11:42:     at link (node:internal/modules/esm/module_job:75:36) {
2024-12-19T21:11:42:   code: 'ERR_MODULE_NOT_FOUND'
2024-12-19T21:11:42: }
2024-12-19T21:11:42: 
2024-12-19T21:11:42: Node.js v18.19.0
2024-12-19T21:11:43: node:internal/errors:496
2024-12-19T21:11:43:     ErrorCaptureStackTrace(err);
2024-12-19T21:11:43:     ^
2024-12-19T21:11:43: 
2024-12-19T21:11:43: Error [ERR_MODULE_NOT_FOUND]: Cannot find package 'winston' imported from /home/bish/Downloads/sites/crm-platform/src/importCsv.js
2024-12-19T21:11:43:     at new NodeError (node:internal/errors:405:5)
2024-12-19T21:11:43:     at packageResolve (node:internal/modules/esm/resolve:916:9)
2024-12-19T21:11:43:     at moduleResolve (node:internal/modules/esm/resolve:973:20)
2024-12-19T21:11:43:     at defaultResolve (node:internal/modules/esm/resolve:1193:11)
2024-12-19T21:11:43:     at ModuleLoader.defaultResolve (node:internal/modules/esm/loader:403:12)
2024-12-19T21:11:43:     at ModuleLoader.resolve (node:internal/modules/esm/loader:372:25)
2024-12-19T21:11:43:     at ModuleLoader.getModuleJob (node:internal/modules/esm/loader:249:38)
2024-12-19T21:11:43:     at ModuleWrap.<anonymous> (node:internal/modules/esm/module_job:76:39)
2024-12-19T21:11:43:     at link (node:internal/modules/esm/module_job:75:36) {
2024-12-19T21:11:43:   code: 'ERR_MODULE_NOT_FOUND'
2024-12-19T21:11:43: }
2024-12-19T21:11:43: 
2024-12-19T21:11:43: Node.js v18.19.0
2024-12-19T21:11:43: node:internal/errors:496
2024-12-19T21:11:43:     ErrorCaptureStackTrace(err);
2024-12-19T21:11:43:     ^
2024-12-19T21:11:43: 
2024-12-19T21:11:43: Error [ERR_MODULE_NOT_FOUND]: Cannot find package 'winston' imported from /home/bish/Downloads/sites/crm-platform/src/importCsv.js
2024-12-19T21:11:43:     at new NodeError (node:internal/errors:405:5)
2024-12-19T21:11:43:     at packageResolve (node:internal/modules/esm/resolve:916:9)
2024-12-19T21:11:43:     at moduleResolve (node:internal/modules/esm/resolve:973:20)
2024-12-19T21:11:43:     at defaultResolve (node:internal/modules/esm/resolve:1193:11)
2024-12-19T21:11:43:     at ModuleLoader.defaultResolve (node:internal/modules/esm/loader:403:12)
2024-12-19T21:11:43:     at ModuleLoader.resolve (node:internal/modules/esm/loader:372:25)
2024-12-19T21:11:43:     at ModuleLoader.getModuleJob (node:internal/modules/esm/loader:249:38)
2024-12-19T21:11:43:     at ModuleWrap.<anonymous> (node:internal/modules/esm/module_job:76:39)
2024-12-19T21:11:43:     at link (node:internal/modules/esm/module_job:75:36) {
2024-12-19T21:11:43:   code: 'ERR_MODULE_NOT_FOUND'
2024-12-19T21:11:43: }
2024-12-19T21:11:43: 
2024-12-19T21:11:43: Node.js v18.19.0
2024-12-19T21:11:44: node:internal/errors:496
2024-12-19T21:11:44:     ErrorCaptureStackTrace(err);
2024-12-19T21:11:44:     ^
2024-12-19T21:11:44: 
2024-12-19T21:11:44: Error [ERR_MODULE_NOT_FOUND]: Cannot find package 'winston' imported from /home/bish/Downloads/sites/crm-platform/src/importCsv.js
2024-12-19T21:11:44:     at new NodeError (node:internal/errors:405:5)
2024-12-19T21:11:44:     at packageResolve (node:internal/modules/esm/resolve:916:9)
2024-12-19T21:11:44:     at moduleResolve (node:internal/modules/esm/resolve:973:20)
2024-12-19T21:11:44:     at defaultResolve (node:internal/modules/esm/resolve:1193:11)
2024-12-19T21:11:44:     at ModuleLoader.defaultResolve (node:internal/modules/esm/loader:403:12)
2024-12-19T21:11:44:     at ModuleLoader.resolve (node:internal/modules/esm/loader:372:25)
2024-12-19T21:11:44:     at ModuleLoader.getModuleJob (node:internal/modules/esm/loader:249:38)
2024-12-19T21:11:44:     at ModuleWrap.<anonymous> (node:internal/modules/esm/module_job:76:39)
2024-12-19T21:11:44:     at link (node:internal/modules/esm/module_job:75:36) {
2024-12-19T21:11:44:   code: 'ERR_MODULE_NOT_FOUND'
2024-12-19T21:11:44: }
2024-12-19T21:11:44: 
2024-12-19T21:11:44: Node.js v18.19.0
2024-12-19T21:11:45: node:internal/errors:496
2024-12-19T21:11:45:     ErrorCaptureStackTrace(err);
2024-12-19T21:11:45:     ^
2024-12-19T21:11:45: 
2024-12-19T21:11:45: Error [ERR_MODULE_NOT_FOUND]: Cannot find package 'winston' imported from /home/bish/Downloads/sites/crm-platform/src/importCsv.js
2024-12-19T21:11:45:     at new NodeError (node:internal/errors:405:5)
2024-12-19T21:11:45:     at packageResolve (node:internal/modules/esm/resolve:916:9)
2024-12-19T21:11:45:     at moduleResolve (node:internal/modules/esm/resolve:973:20)
2024-12-19T21:11:45:     at defaultResolve (node:internal/modules/esm/resolve:1193:11)
2024-12-19T21:11:45:     at ModuleLoader.defaultResolve (node:internal/modules/esm/loader:403:12)
2024-12-19T21:11:45:     at ModuleLoader.resolve (node:internal/modules/esm/loader:372:25)
2024-12-19T21:11:45:     at ModuleLoader.getModuleJob (node:internal/modules/esm/loader:249:38)
2024-12-19T21:11:45:     at ModuleWrap.<anonymous> (node:internal/modules/esm/module_job:76:39)
2024-12-19T21:11:45:     at link (node:internal/modules/esm/module_job:75:36) {
2024-12-19T21:11:45:   code: 'ERR_MODULE_NOT_FOUND'
2024-12-19T21:11:45: }
2024-12-19T21:11:45: 
2024-12-19T21:11:45: Node.js v18.19.0
2024-12-19T21:11:45: node:internal/errors:496
2024-12-19T21:11:45:     ErrorCaptureStackTrace(err);
2024-12-19T21:11:45:     ^
2024-12-19T21:11:45: 
2024-12-19T21:11:45: Error [ERR_MODULE_NOT_FOUND]: Cannot find package 'winston' imported from /home/bish/Downloads/sites/crm-platform/src/importCsv.js
2024-12-19T21:11:45:     at new NodeError (node:internal/errors:405:5)
2024-12-19T21:11:45:     at packageResolve (node:internal/modules/esm/resolve:916:9)
2024-12-19T21:11:45:     at moduleResolve (node:internal/modules/esm/resolve:973:20)
2024-12-19T21:11:45:     at defaultResolve (node:internal/modules/esm/resolve:1193:11)
2024-12-19T21:11:45:     at ModuleLoader.defaultResolve (node:internal/modules/esm/loader:403:12)
2024-12-19T21:11:45:     at ModuleLoader.resolve (node:internal/modules/esm/loader:372:25)
2024-12-19T21:11:45:     at ModuleLoader.getModuleJob (node:internal/modules/esm/loader:249:38)
2024-12-19T21:11:45:     at ModuleWrap.<anonymous> (node:internal/modules/esm/module_job:76:39)
2024-12-19T21:11:45:     at link (node:internal/modules/esm/module_job:75:36) {
2024-12-19T21:11:45:   code: 'ERR_MODULE_NOT_FOUND'
2024-12-19T21:11:45: }
2024-12-19T21:11:45: 
2024-12-19T21:11:45: Node.js v18.19.0
2024-12-19T21:11:46: node:internal/errors:496
2024-12-19T21:11:46:     ErrorCaptureStackTrace(err);
2024-12-19T21:11:46:     ^
2024-12-19T21:11:46: 
2024-12-19T21:11:46: Error [ERR_MODULE_NOT_FOUND]: Cannot find package 'winston' imported from /home/bish/Downloads/sites/crm-platform/src/importCsv.js
2024-12-19T21:11:46:     at new NodeError (node:internal/errors:405:5)
2024-12-19T21:11:46:     at packageResolve (node:internal/modules/esm/resolve:916:9)
2024-12-19T21:11:46:     at moduleResolve (node:internal/modules/esm/resolve:973:20)
2024-12-19T21:11:46:     at defaultResolve (node:internal/modules/esm/resolve:1193:11)
2024-12-19T21:11:46:     at ModuleLoader.defaultResolve (node:internal/modules/esm/loader:403:12)
2024-12-19T21:11:46:     at ModuleLoader.resolve (node:internal/modules/esm/loader:372:25)
2024-12-19T21:11:46:     at ModuleLoader.getModuleJob (node:internal/modules/esm/loader:249:38)
2024-12-19T21:11:46:     at ModuleWrap.<anonymous> (node:internal/modules/esm/module_job:76:39)
2024-12-19T21:11:46:     at link (node:internal/modules/esm/module_job:75:36) {
2024-12-19T21:11:46:   code: 'ERR_MODULE_NOT_FOUND'
2024-12-19T21:11:46: }
2024-12-19T21:11:46: 
2024-12-19T21:11:46: Node.js v18.19.0
2024-12-19T21:11:46: node:internal/errors:496
2024-12-19T21:11:46:     ErrorCaptureStackTrace(err);
2024-12-19T21:11:46:     ^
2024-12-19T21:11:46: 
2024-12-19T21:11:46: Error [ERR_MODULE_NOT_FOUND]: Cannot find package 'winston' imported from /home/bish/Downloads/sites/crm-platform/src/importCsv.js
2024-12-19T21:11:46:     at new NodeError (node:internal/errors:405:5)
2024-12-19T21:11:46:     at packageResolve (node:internal/modules/esm/resolve:916:9)
2024-12-19T21:11:46:     at moduleResolve (node:internal/modules/esm/resolve:973:20)
2024-12-19T21:11:46:     at defaultResolve (node:internal/modules/esm/resolve:1193:11)
2024-12-19T21:11:46:     at ModuleLoader.defaultResolve (node:internal/modules/esm/loader:403:12)
2024-12-19T21:11:46:     at ModuleLoader.resolve (node:internal/modules/esm/loader:372:25)
2024-12-19T21:11:46:     at ModuleLoader.getModuleJob (node:internal/modules/esm/loader:249:38)
2024-12-19T21:11:46:     at ModuleWrap.<anonymous> (node:internal/modules/esm/module_job:76:39)
2024-12-19T21:11:46:     at link (node:internal/modules/esm/module_job:75:36) {
2024-12-19T21:11:46:   code: 'ERR_MODULE_NOT_FOUND'
2024-12-19T21:11:46: }
2024-12-19T21:11:46: 
2024-12-19T21:11:46: Node.js v18.19.0
2024-12-19T21:11:47: node:internal/errors:496
2024-12-19T21:11:47:     ErrorCaptureStackTrace(err);
2024-12-19T21:11:47:     ^
2024-12-19T21:11:47: 
2024-12-19T21:11:47: Error [ERR_MODULE_NOT_FOUND]: Cannot find package 'winston' imported from /home/bish/Downloads/sites/crm-platform/src/importCsv.js
2024-12-19T21:11:47:     at new NodeError (node:internal/errors:405:5)
2024-12-19T21:11:47:     at packageResolve (node:internal/modules/esm/resolve:916:9)
2024-12-19T21:11:47:     at moduleResolve (node:internal/modules/esm/resolve:973:20)
2024-12-19T21:11:47:     at defaultResolve (node:internal/modules/esm/resolve:1193:11)
2024-12-19T21:11:47:     at ModuleLoader.defaultResolve (node:internal/modules/esm/loader:403:12)
2024-12-19T21:11:47:     at ModuleLoader.resolve (node:internal/modules/esm/loader:372:25)
2024-12-19T21:11:47:     at ModuleLoader.getModuleJob (node:internal/modules/esm/loader:249:38)
2024-12-19T21:11:47:     at ModuleWrap.<anonymous> (node:internal/modules/esm/module_job:76:39)
2024-12-19T21:11:47:     at link (node:internal/modules/esm/module_job:75:36) {
2024-12-19T21:11:47:   code: 'ERR_MODULE_NOT_FOUND'
2024-12-19T21:11:47: }
2024-12-19T21:11:47: 
2024-12-19T21:11:47: Node.js v18.19.0
2024-12-19T21:11:48: node:internal/errors:496
2024-12-19T21:11:48:     ErrorCaptureStackTrace(err);
2024-12-19T21:11:48:     ^
2024-12-19T21:11:48: 
2024-12-19T21:11:48: Error [ERR_MODULE_NOT_FOUND]: Cannot find package 'winston' imported from /home/bish/Downloads/sites/crm-platform/src/importCsv.js
2024-12-19T21:11:48:     at new NodeError (node:internal/errors:405:5)
2024-12-19T21:11:48:     at packageResolve (node:internal/modules/esm/resolve:916:9)
2024-12-19T21:11:48:     at moduleResolve (node:internal/modules/esm/resolve:973:20)
2024-12-19T21:11:48:     at defaultResolve (node:internal/modules/esm/resolve:1193:11)
2024-12-19T21:11:48:     at ModuleLoader.defaultResolve (node:internal/modules/esm/loader:403:12)
2024-12-19T21:11:48:     at ModuleLoader.resolve (node:internal/modules/esm/loader:372:25)
2024-12-19T21:11:48:     at ModuleLoader.getModuleJob (node:internal/modules/esm/loader:249:38)
2024-12-19T21:11:48:     at ModuleWrap.<anonymous> (node:internal/modules/esm/module_job:76:39)
2024-12-19T21:11:48:     at link (node:internal/modules/esm/module_job:75:36) {
2024-12-19T21:11:48:   code: 'ERR_MODULE_NOT_FOUND'
2024-12-19T21:11:48: }
2024-12-19T21:11:48: 
2024-12-19T21:11:48: Node.js v18.19.0
2024-12-19T21:11:49: node:internal/errors:496
2024-12-19T21:11:49:     ErrorCaptureStackTrace(err);
2024-12-19T21:11:49:     ^
2024-12-19T21:11:49: 
2024-12-19T21:11:49: Error [ERR_MODULE_NOT_FOUND]: Cannot find package 'winston' imported from /home/bish/Downloads/sites/crm-platform/src/importCsv.js
2024-12-19T21:11:49:     at new NodeError (node:internal/errors:405:5)
2024-12-19T21:11:49:     at packageResolve (node:internal/modules/esm/resolve:916:9)
2024-12-19T21:11:49:     at moduleResolve (node:internal/modules/esm/resolve:973:20)
2024-12-19T21:11:49:     at defaultResolve (node:internal/modules/esm/resolve:1193:11)
2024-12-19T21:11:49:     at ModuleLoader.defaultResolve (node:internal/modules/esm/loader:403:12)
2024-12-19T21:11:49:     at ModuleLoader.resolve (node:internal/modules/esm/loader:372:25)
2024-12-19T21:11:49:     at ModuleLoader.getModuleJob (node:internal/modules/esm/loader:249:38)
2024-12-19T21:11:49:     at ModuleWrap.<anonymous> (node:internal/modules/esm/module_job:76:39)
2024-12-19T21:11:49:     at link (node:internal/modules/esm/module_job:75:36) {
2024-12-19T21:11:49:   code: 'ERR_MODULE_NOT_FOUND'
2024-12-19T21:11:49: }
2024-12-19T21:11:49: 
2024-12-19T21:11:49: Node.js v18.19.0
2024-12-19T22:04:33: node:fs:1035
2024-12-19T22:04:33:   handleErrorFromBinding(ctx);
2024-12-19T22:04:33:   ^
2024-12-19T22:04:33: 
2024-12-19T22:04:33: Error: ENOENT: no such file or directory, rename '/home/bish/Downloads/sites/crm-platform/public/csv-imports/people4.csv' -> '/home/bish/Downloads/sites/crm-platform/public/csv-imports/errors/people4.csv.1734606273013'
2024-12-19T22:04:33:     at Object.renameSync (node:fs:1035:3)
2024-12-19T22:04:33:     at processCsvFile (/home/bish/Downloads/sites/crm-platform/src/importCsv.js:233:8)
2024-12-19T22:04:33:     at processTicksAndRejections (node:internal/process/task_queues:95:5)
2024-12-19T22:04:33:     at runNextTicks (node:internal/process/task_queues:64:3)
2024-12-19T22:04:33:     at process.processImmediate (node:internal/timers:447:9) {
2024-12-19T22:04:33:   errno: -2,
2024-12-19T22:04:33:   syscall: 'rename',
2024-12-19T22:04:33:   code: 'ENOENT',
2024-12-19T22:04:33:   path: '/home/bish/Downloads/sites/crm-platform/public/csv-imports/people4.csv',
2024-12-19T22:04:33:   dest: '/home/bish/Downloads/sites/crm-platform/public/csv-imports/errors/people4.csv.1734606273013'
2024-12-19T22:04:33: }
2024-12-19T22:04:33: 
2024-12-19T22:04:33: Node.js v18.19.0
2024-12-19T22:05:02: node:fs:1035
2024-12-19T22:05:02:   handleErrorFromBinding(ctx);
2024-12-19T22:05:02:   ^
2024-12-19T22:05:02: 
2024-12-19T22:05:02: Error: ENOENT: no such file or directory, rename '/home/bish/Downloads/sites/crm-platform/public/csv-imports/outfall_observations.csv' -> '/home/bish/Downloads/sites/crm-platform/public/csv-imports/errors/outfall_observations.csv.1734606302295'
2024-12-19T22:05:02:     at Object.renameSync (node:fs:1035:3)
2024-12-19T22:05:02:     at processCsvFile (/home/bish/Downloads/sites/crm-platform/src/importCsv.js:233:8)
2024-12-19T22:05:02:     at process.processTicksAndRejections (node:internal/process/task_queues:95:5) {
2024-12-19T22:05:02:   errno: -2,
2024-12-19T22:05:02:   syscall: 'rename',
2024-12-19T22:05:02:   code: 'ENOENT',
2024-12-19T22:05:02:   path: '/home/bish/Downloads/sites/crm-platform/public/csv-imports/outfall_observations.csv',
2024-12-19T22:05:02:   dest: '/home/bish/Downloads/sites/crm-platform/public/csv-imports/errors/outfall_observations.csv.1734606302295'
2024-12-19T22:05:02: }
2024-12-19T22:05:02: 
2024-12-19T22:05:02: Node.js v18.19.0
2024-12-19T22:07:09: node:fs:1035
2024-12-19T22:07:09:   handleErrorFromBinding(ctx);
2024-12-19T22:07:09:   ^
2024-12-19T22:07:09: 
2024-12-19T22:07:09: Error: ENOENT: no such file or directory, rename '/home/bish/Downloads/sites/crm-platform/public/csv-imports/water_authorities.csv' -> '/home/bish/Downloads/sites/crm-platform/public/csv-imports/errors/water_authorities.csv.1734606429586'
2024-12-19T22:07:09:     at Object.renameSync (node:fs:1035:3)
2024-12-19T22:07:09:     at processCsvFile (/home/bish/Downloads/sites/crm-platform/src/importCsv.js:233:8)
2024-12-19T22:07:09:     at process.processTicksAndRejections (node:internal/process/task_queues:95:5) {
2024-12-19T22:07:09:   errno: -2,
2024-12-19T22:07:09:   syscall: 'rename',
2024-12-19T22:07:09:   code: 'ENOENT',
2024-12-19T22:07:09:   path: '/home/bish/Downloads/sites/crm-platform/public/csv-imports/water_authorities.csv',
2024-12-19T22:07:09:   dest: '/home/bish/Downloads/sites/crm-platform/public/csv-imports/errors/water_authorities.csv.1734606429586'
2024-12-19T22:07:09: }
2024-12-19T22:07:09: 
2024-12-19T22:07:09: Node.js v18.19.0
2024-12-19T22:08:42: node:fs:1035
2024-12-19T22:08:42:   handleErrorFromBinding(ctx);
2024-12-19T22:08:42:   ^
2024-12-19T22:08:42: 
2024-12-19T22:08:42: Error: ENOENT: no such file or directory, rename '/home/bish/Downloads/sites/crm-platform/public/csv-imports/persons.csv' -> '/home/bish/Downloads/sites/crm-platform/public/csv-imports/errors/persons.csv.1734606522884'
2024-12-19T22:08:42:     at Object.renameSync (node:fs:1035:3)
2024-12-19T22:08:42:     at processCsvFile (/home/bish/Downloads/sites/crm-platform/src/importCsv.js:233:8)
2024-12-19T22:08:42:     at process.processTicksAndRejections (node:internal/process/task_queues:95:5) {
2024-12-19T22:08:42:   errno: -2,
2024-12-19T22:08:42:   syscall: 'rename',
2024-12-19T22:08:42:   code: 'ENOENT',
2024-12-19T22:08:42:   path: '/home/bish/Downloads/sites/crm-platform/public/csv-imports/persons.csv',
2024-12-19T22:08:42:   dest: '/home/bish/Downloads/sites/crm-platform/public/csv-imports/errors/persons.csv.1734606522884'
2024-12-19T22:08:42: }
2024-12-19T22:08:42: 
2024-12-19T22:08:42: Node.js v18.19.0
2024-12-19T22:12:05: node:fs:1035
2024-12-19T22:12:05:   handleErrorFromBinding(ctx);
2024-12-19T22:12:05:   ^
2024-12-19T22:12:05: 
2024-12-19T22:12:05: Error: ENOENT: no such file or directory, rename '/home/bish/Downloads/sites/crm-platform/public/csv-imports/politicians.csv' -> '/home/bish/Downloads/sites/crm-platform/public/csv-imports/errors/politicians.csv.1734606725085'
2024-12-19T22:12:05:     at Object.renameSync (node:fs:1035:3)
2024-12-19T22:12:05:     at processCsvFile (/home/bish/Downloads/sites/crm-platform/src/importCsv.js:233:8)
2024-12-19T22:12:05:     at process.processTicksAndRejections (node:internal/process/task_queues:95:5) {
2024-12-19T22:12:05:   errno: -2,
2024-12-19T22:12:05:   syscall: 'rename',
2024-12-19T22:12:05:   code: 'ENOENT',
2024-12-19T22:12:05:   path: '/home/bish/Downloads/sites/crm-platform/public/csv-imports/politicians.csv',
2024-12-19T22:12:05:   dest: '/home/bish/Downloads/sites/crm-platform/public/csv-imports/errors/politicians.csv.1734606725085'
2024-12-19T22:12:05: }
2024-12-19T22:12:05: 
2024-12-19T22:12:05: Node.js v18.19.0
