2024-12-31T23:08:46: 
2024-12-31T23:08:46: > crm-platform@0.1.0 start
2024-12-31T23:08:46: > next start -p 3100
2024-12-31T23:08:46: 
2024-12-31T23:08:48: > Ready on http://crm.myinvoices.today:3100
2024-12-31T23:08:50: 
2024-12-31T23:08:50: > crm-platform@0.1.0 start
2024-12-31T23:08:50: > next start -p 3100
2024-12-31T23:08:50: 
2024-12-31T23:08:52: 
2024-12-31T23:08:52: > crm-platform@0.1.0 start
2024-12-31T23:08:52: > next start -p 3100
2024-12-31T23:08:52: 
2024-12-31T23:08:55: 
2024-12-31T23:08:55: > crm-platform@0.1.0 start
2024-12-31T23:08:55: > next start -p 3100
2024-12-31T23:08:55: 
2024-12-31T23:08:59: 
2024-12-31T23:08:59: > crm-platform@0.1.0 start
2024-12-31T23:08:59: > next start -p 3100
2024-12-31T23:08:59: 
2024-12-31T23:09:01: 
2024-12-31T23:09:01: > crm-platform@0.1.0 start
2024-12-31T23:09:01: > next start -p 3100
2024-12-31T23:09:01: 
2024-12-31T23:09:03: 
2024-12-31T23:09:03: > crm-platform@0.1.0 start
2024-12-31T23:09:03: > next start -p 3100
2024-12-31T23:09:03: 
2024-12-31T23:09:04: 
2024-12-31T23:09:04: > crm-platform@0.1.0 start
2024-12-31T23:09:04: > next start -p 3100
2024-12-31T23:09:04: 
2024-12-31T23:09:06: 
2024-12-31T23:09:06: > crm-platform@0.1.0 start
2024-12-31T23:09:06: > next start -p 3100
2024-12-31T23:09:06: 
2024-12-31T23:09:09: 
2024-12-31T23:09:09: > crm-platform@0.1.0 start
2024-12-31T23:09:09: > next start -p 3100
2024-12-31T23:09:09: 
2024-12-31T23:09:12: 
2024-12-31T23:09:12: > crm-platform@0.1.0 start
2024-12-31T23:09:12: > next start -p 3100
2024-12-31T23:09:12: 
2024-12-31T23:09:14: 
2024-12-31T23:09:14: > crm-platform@0.1.0 start
2024-12-31T23:09:14: > next start -p 3100
2024-12-31T23:09:14: 
2024-12-31T23:09:16: 
2024-12-31T23:09:16: > crm-platform@0.1.0 start
2024-12-31T23:09:16: > next start -p 3100
2024-12-31T23:09:16: 
2024-12-31T23:09:17: 
2024-12-31T23:09:17: > crm-platform@0.1.0 start
2024-12-31T23:09:17: > next start -p 3100
2024-12-31T23:09:17: 
2024-12-31T23:09:18: 
2024-12-31T23:09:18: > crm-platform@0.1.0 start
2024-12-31T23:09:18: > next start -p 3100
2024-12-31T23:09:18: 
2024-12-31T23:09:19: 
2024-12-31T23:09:19: > crm-platform@0.1.0 start
2024-12-31T23:09:19: > next start -p 3100
2024-12-31T23:09:19: 
2024-12-31T23:09:20: 
2024-12-31T23:09:20: > crm-platform@0.1.0 start
2024-12-31T23:09:20: > next start -p 3100
2024-12-31T23:09:20: 
2024-12-31T23:09:20: 
2024-12-31T23:09:20: > crm-platform@0.1.0 start
2024-12-31T23:09:20: > next start -p 3100
2024-12-31T23:09:20: 
2024-12-31T23:09:21: 
2024-12-31T23:09:21: > crm-platform@0.1.0 start
2024-12-31T23:09:21: > next start -p 3100
2024-12-31T23:09:21: 
2024-12-31T23:09:22: 
2024-12-31T23:09:22: > crm-platform@0.1.0 start
2024-12-31T23:09:22: > next start -p 3100
2024-12-31T23:09:22: 
2024-12-31T23:09:22: 
2024-12-31T23:09:22: > crm-platform@0.1.0 start
2024-12-31T23:09:22: > next start -p 3100
2024-12-31T23:09:22: 
2024-12-31T23:09:23: 
2024-12-31T23:09:23: > crm-platform@0.1.0 start
2024-12-31T23:09:23: > next start -p 3100
2024-12-31T23:09:23: 
2024-12-31T23:09:24: 
2024-12-31T23:09:24: > crm-platform@0.1.0 start
2024-12-31T23:09:24: > next start -p 3100
2024-12-31T23:09:24: 
2024-12-31T23:09:25: 
2024-12-31T23:09:25: > crm-platform@0.1.0 start
2024-12-31T23:09:25: > next start -p 3100
2024-12-31T23:09:25: 
2024-12-31T23:09:26: 
2024-12-31T23:09:26: > crm-platform@0.1.0 start
2024-12-31T23:09:26: > next start -p 3100
2024-12-31T23:09:26: 
2024-12-31T23:09:27: 
2024-12-31T23:09:27: > crm-platform@0.1.0 start
2024-12-31T23:09:27: > next start -p 3100
2024-12-31T23:09:27: 
2024-12-31T23:09:28: 
2024-12-31T23:09:28: > crm-platform@0.1.0 start
2024-12-31T23:09:28: > next start -p 3100
2024-12-31T23:09:28: 
2024-12-31T23:09:28: 
2024-12-31T23:09:28: > crm-platform@0.1.0 start
2024-12-31T23:09:28: > next start -p 3100
2024-12-31T23:09:28: 
2024-12-31T23:09:29: 
2024-12-31T23:09:29: > crm-platform@0.1.0 start
2024-12-31T23:09:29: > next start -p 3100
2024-12-31T23:09:29: 
2024-12-31T23:09:30: 
2024-12-31T23:09:30: > crm-platform@0.1.0 start
2024-12-31T23:09:30: > next start -p 3100
2024-12-31T23:09:30: 
2024-12-31T23:09:31: 
2024-12-31T23:09:31: > crm-platform@0.1.0 start
2024-12-31T23:09:31: > next start -p 3100
2024-12-31T23:09:31: 
2024-12-31T23:09:32: 
2024-12-31T23:09:32: > crm-platform@0.1.0 start
2024-12-31T23:09:32: > next start -p 3100
2024-12-31T23:09:32: 
2024-12-31T23:09:32: 
2024-12-31T23:09:32: > crm-platform@0.1.0 start
2024-12-31T23:09:32: > next start -p 3100
2024-12-31T23:09:32: 
2024-12-31T23:09:33: 
2024-12-31T23:09:33: > crm-platform@0.1.0 start
2024-12-31T23:09:33: > next start -p 3100
2024-12-31T23:09:33: 
2024-12-31T23:09:34: 
2024-12-31T23:09:34: > crm-platform@0.1.0 start
2024-12-31T23:09:34: > next start -p 3100
2024-12-31T23:09:34: 
2024-12-31T23:09:34: 
2024-12-31T23:09:34: > crm-platform@0.1.0 start
2024-12-31T23:09:34: > next start -p 3100
2024-12-31T23:09:34: 
2024-12-31T23:09:35: 
2024-12-31T23:09:35: > crm-platform@0.1.0 start
2024-12-31T23:09:35: > next start -p 3100
2024-12-31T23:09:35: 
2024-12-31T23:09:36: 
2024-12-31T23:09:36: > crm-platform@0.1.0 start
2024-12-31T23:09:36: > next start -p 3100
2024-12-31T23:09:36: 
2024-12-31T23:09:36: 
2024-12-31T23:09:36: > crm-platform@0.1.0 start
2024-12-31T23:09:36: > next start -p 3100
2024-12-31T23:09:36: 
2024-12-31T23:09:37: 
2024-12-31T23:09:37: > crm-platform@0.1.0 start
2024-12-31T23:09:37: > next start -p 3100
2024-12-31T23:09:37: 
2024-12-31T23:09:38: 
2024-12-31T23:09:38: > crm-platform@0.1.0 start
2024-12-31T23:09:38: > next start -p 3100
2024-12-31T23:09:38: 
2024-12-31T23:09:39: 
2024-12-31T23:09:39: > crm-platform@0.1.0 start
2024-12-31T23:09:39: > next start -p 3100
2024-12-31T23:09:39: 
2024-12-31T23:09:40: 
2024-12-31T23:09:40: > crm-platform@0.1.0 start
2024-12-31T23:09:40: > next start -p 3100
2024-12-31T23:09:40: 
2024-12-31T23:09:41: 
2024-12-31T23:09:41: > crm-platform@0.1.0 start
2024-12-31T23:09:41: > next start -p 3100
2024-12-31T23:09:41: 
2024-12-31T23:09:41: 
2024-12-31T23:09:41: > crm-platform@0.1.0 start
2024-12-31T23:09:41: > next start -p 3100
2024-12-31T23:09:41: 
2024-12-31T23:09:42: 
2024-12-31T23:09:42: > crm-platform@0.1.0 start
2024-12-31T23:09:42: > next start -p 3100
2024-12-31T23:09:42: 
2024-12-31T23:09:43: 
2024-12-31T23:09:43: > crm-platform@0.1.0 start
2024-12-31T23:09:43: > next start -p 3100
2024-12-31T23:09:43: 
2024-12-31T23:09:44: 
2024-12-31T23:09:44: > crm-platform@0.1.0 start
2024-12-31T23:09:44: > next start -p 3100
2024-12-31T23:09:44: 
2024-12-31T23:09:45: 
2024-12-31T23:09:45: > crm-platform@0.1.0 start
2024-12-31T23:09:45: > next start -p 3100
2024-12-31T23:09:45: 
2024-12-31T23:09:45: 
2024-12-31T23:09:45: > crm-platform@0.1.0 start
2024-12-31T23:09:45: > next start -p 3100
2024-12-31T23:09:45: 
2024-12-31T23:09:46: 
2024-12-31T23:09:46: > crm-platform@0.1.0 start
2024-12-31T23:09:46: > next start -p 3100
2024-12-31T23:09:46: 
2024-12-31T23:09:47: 
2024-12-31T23:09:47: > crm-platform@0.1.0 start
2024-12-31T23:09:47: > next start -p 3100
2024-12-31T23:09:47: 
2024-12-31T23:09:47: 
2024-12-31T23:09:47: > crm-platform@0.1.0 start
2024-12-31T23:09:47: > next start -p 3100
2024-12-31T23:09:47: 
2024-12-31T23:09:48: 
2024-12-31T23:09:48: > crm-platform@0.1.0 start
2024-12-31T23:09:48: > next start -p 3100
2024-12-31T23:09:48: 
2024-12-31T23:09:49: 
2024-12-31T23:09:49: > crm-platform@0.1.0 start
2024-12-31T23:09:49: > next start -p 3100
2024-12-31T23:09:49: 
2024-12-31T23:09:49: 
2024-12-31T23:09:49: > crm-platform@0.1.0 start
2024-12-31T23:09:49: > next start -p 3100
2024-12-31T23:09:49: 
2024-12-31T23:09:50: 
2024-12-31T23:09:50: > crm-platform@0.1.0 start
2024-12-31T23:09:50: > next start -p 3100
2024-12-31T23:09:50: 
2024-12-31T23:09:51: 
2024-12-31T23:09:51: > crm-platform@0.1.0 start
2024-12-31T23:09:51: > next start -p 3100
2024-12-31T23:09:51: 
2024-12-31T23:09:52: 
2024-12-31T23:09:52: > crm-platform@0.1.0 start
2024-12-31T23:09:52: > next start -p 3100
2024-12-31T23:09:52: 
2024-12-31T23:09:53: 
2024-12-31T23:09:53: > crm-platform@0.1.0 start
2024-12-31T23:09:53: > next start -p 3100
2024-12-31T23:09:53: 
2024-12-31T23:09:54: 
2024-12-31T23:09:54: > crm-platform@0.1.0 start
2024-12-31T23:09:54: > next start -p 3100
2024-12-31T23:09:54: 
2024-12-31T23:09:54: 
2024-12-31T23:09:54: > crm-platform@0.1.0 start
2024-12-31T23:09:54: > next start -p 3100
2024-12-31T23:09:54: 
2024-12-31T23:09:55: 
2024-12-31T23:09:55: > crm-platform@0.1.0 start
2024-12-31T23:09:55: > next start -p 3100
2024-12-31T23:09:55: 
2024-12-31T23:09:56: 
2024-12-31T23:09:56: > crm-platform@0.1.0 start
2024-12-31T23:09:56: > next start -p 3100
2024-12-31T23:09:56: 
2024-12-31T23:09:56: 
2024-12-31T23:09:56: > crm-platform@0.1.0 start
2024-12-31T23:09:56: > next start -p 3100
2024-12-31T23:09:56: 
2024-12-31T23:09:57: 
2024-12-31T23:09:57: > crm-platform@0.1.0 start
2024-12-31T23:09:57: > next start -p 3100
2024-12-31T23:09:57: 
2024-12-31T23:09:58: 
2024-12-31T23:09:58: > crm-platform@0.1.0 start
2024-12-31T23:09:58: > next start -p 3100
2024-12-31T23:09:58: 
2024-12-31T23:09:59: 
2024-12-31T23:09:59: > crm-platform@0.1.0 start
2024-12-31T23:09:59: > next start -p 3100
2024-12-31T23:09:59: 
2024-12-31T23:10:00: 
2024-12-31T23:10:00: > crm-platform@0.1.0 start
2024-12-31T23:10:00: > next start -p 3100
2024-12-31T23:10:00: 
2024-12-31T23:10:00: 
2024-12-31T23:10:00: > crm-platform@0.1.0 start
2024-12-31T23:10:00: > next start -p 3100
2024-12-31T23:10:00: 
2024-12-31T23:10:01: 
2024-12-31T23:10:01: > crm-platform@0.1.0 start
2024-12-31T23:10:01: > next start -p 3100
2024-12-31T23:10:01: 
2024-12-31T23:10:02: 
2024-12-31T23:10:02: > crm-platform@0.1.0 start
2024-12-31T23:10:02: > next start -p 3100
2024-12-31T23:10:02: 
2024-12-31T23:10:03: 
2024-12-31T23:10:03: > crm-platform@0.1.0 start
2024-12-31T23:10:03: > next start -p 3100
2024-12-31T23:10:03: 
2024-12-31T23:10:03: 
2024-12-31T23:10:03: > crm-platform@0.1.0 start
2024-12-31T23:10:03: > next start -p 3100
2024-12-31T23:10:03: 
2024-12-31T23:10:04: 
2024-12-31T23:10:04: > crm-platform@0.1.0 start
2024-12-31T23:10:04: > next start -p 3100
2024-12-31T23:10:04: 
2024-12-31T23:10:05: 
2024-12-31T23:10:05: > crm-platform@0.1.0 start
2024-12-31T23:10:05: > next start -p 3100
2024-12-31T23:10:05: 
2024-12-31T23:10:06: 
2024-12-31T23:10:06: > crm-platform@0.1.0 start
2024-12-31T23:10:06: > next start -p 3100
2024-12-31T23:10:06: 
2024-12-31T23:10:07: 
2024-12-31T23:10:07: > crm-platform@0.1.0 start
2024-12-31T23:10:07: > next start -p 3100
2024-12-31T23:10:07: 
2024-12-31T23:10:08: 
2024-12-31T23:10:08: > crm-platform@0.1.0 start
2024-12-31T23:10:08: > next start -p 3100
2024-12-31T23:10:08: 
2024-12-31T23:10:08: 
2024-12-31T23:10:08: > crm-platform@0.1.0 start
2024-12-31T23:10:08: > next start -p 3100
2024-12-31T23:10:08: 
2024-12-31T23:10:09: 
2024-12-31T23:10:09: > crm-platform@0.1.0 start
2024-12-31T23:10:09: > next start -p 3100
2024-12-31T23:10:09: 
2024-12-31T23:10:10: 
2024-12-31T23:10:10: > crm-platform@0.1.0 start
2024-12-31T23:10:10: > next start -p 3100
2024-12-31T23:10:10: 
2024-12-31T23:10:11: 
2024-12-31T23:10:11: > crm-platform@0.1.0 start
2024-12-31T23:10:11: > next start -p 3100
2024-12-31T23:10:11: 
2024-12-31T23:10:12: 
2024-12-31T23:10:12: > crm-platform@0.1.0 start
2024-12-31T23:10:12: > next start -p 3100
2024-12-31T23:10:12: 
2024-12-31T23:10:12: 
2024-12-31T23:10:12: > crm-platform@0.1.0 start
2024-12-31T23:10:12: > next start -p 3100
2024-12-31T23:10:12: 
2024-12-31T23:10:13: 
2024-12-31T23:10:13: > crm-platform@0.1.0 start
2024-12-31T23:10:13: > next start -p 3100
2024-12-31T23:10:13: 
2024-12-31T23:10:14: 
2024-12-31T23:10:14: > crm-platform@0.1.0 start
2024-12-31T23:10:14: > next start -p 3100
2024-12-31T23:10:14: 
2024-12-31T23:10:15: 
2024-12-31T23:10:15: > crm-platform@0.1.0 start
2024-12-31T23:10:15: > next start -p 3100
2024-12-31T23:10:15: 
2024-12-31T23:10:15: 
2024-12-31T23:10:15: > crm-platform@0.1.0 start
2024-12-31T23:10:15: > next start -p 3100
2024-12-31T23:10:15: 
2024-12-31T23:10:16: 
2024-12-31T23:10:16: > crm-platform@0.1.0 start
2024-12-31T23:10:16: > next start -p 3100
2024-12-31T23:10:16: 
2024-12-31T23:10:17: 
2024-12-31T23:10:17: > crm-platform@0.1.0 start
2024-12-31T23:10:17: > next start -p 3100
2024-12-31T23:10:17: 
2024-12-31T23:10:18: 
2024-12-31T23:10:18: > crm-platform@0.1.0 start
2024-12-31T23:10:18: > next start -p 3100
2024-12-31T23:10:18: 
2024-12-31T23:10:18: 
2024-12-31T23:10:18: > crm-platform@0.1.0 start
2024-12-31T23:10:18: > next start -p 3100
2024-12-31T23:10:18: 
2024-12-31T23:10:19: 
2024-12-31T23:10:19: > crm-platform@0.1.0 start
2024-12-31T23:10:19: > next start -p 3100
2024-12-31T23:10:19: 
2024-12-31T23:10:20: 
2024-12-31T23:10:20: > crm-platform@0.1.0 start
2024-12-31T23:10:20: > next start -p 3100
2024-12-31T23:10:20: 
2024-12-31T23:10:21: 
2024-12-31T23:10:21: > crm-platform@0.1.0 start
2024-12-31T23:10:21: > next start -p 3100
2024-12-31T23:10:21: 
2024-12-31T23:10:22: 
2024-12-31T23:10:22: > crm-platform@0.1.0 start
2024-12-31T23:10:22: > next start -p 3100
2024-12-31T23:10:22: 
2024-12-31T23:10:23: 
2024-12-31T23:10:23: > crm-platform@0.1.0 start
2024-12-31T23:10:23: > next start -p 3100
2024-12-31T23:10:23: 
2024-12-31T23:10:24: 
2024-12-31T23:10:24: > crm-platform@0.1.0 start
2024-12-31T23:10:24: > next start -p 3100
2024-12-31T23:10:24: 
2024-12-31T23:10:24: 
2024-12-31T23:10:24: > crm-platform@0.1.0 start
2024-12-31T23:10:24: > next start -p 3100
2024-12-31T23:10:24: 
2024-12-31T23:10:25: 
2024-12-31T23:10:25: > crm-platform@0.1.0 start
2024-12-31T23:10:25: > next start -p 3100
2024-12-31T23:10:25: 
2024-12-31T23:10:26: 
2024-12-31T23:10:26: > crm-platform@0.1.0 start
2024-12-31T23:10:26: > next start -p 3100
2024-12-31T23:10:26: 
2024-12-31T23:10:27: 
2024-12-31T23:10:27: > crm-platform@0.1.0 start
2024-12-31T23:10:27: > next start -p 3100
2024-12-31T23:10:27: 
2024-12-31T23:10:28: 
2024-12-31T23:10:28: > crm-platform@0.1.0 start
2024-12-31T23:10:28: > next start -p 3100
2024-12-31T23:10:28: 
2024-12-31T23:10:28: 
2024-12-31T23:10:28: > crm-platform@0.1.0 start
2024-12-31T23:10:28: > next start -p 3100
2024-12-31T23:10:28: 
2024-12-31T23:10:29: 
2024-12-31T23:10:29: > crm-platform@0.1.0 start
2024-12-31T23:10:29: > next start -p 3100
2024-12-31T23:10:29: 
2024-12-31T23:10:30: 
2024-12-31T23:10:30: > crm-platform@0.1.0 start
2024-12-31T23:10:30: > next start -p 3100
2024-12-31T23:10:30: 
2024-12-31T23:10:31: 
2024-12-31T23:10:31: > crm-platform@0.1.0 start
2024-12-31T23:10:31: > next start -p 3100
2024-12-31T23:10:31: 
2024-12-31T23:10:31: 
2024-12-31T23:10:31: > crm-platform@0.1.0 start
2024-12-31T23:10:31: > next start -p 3100
2024-12-31T23:10:31: 
2024-12-31T23:10:32: 
2024-12-31T23:10:32: > crm-platform@0.1.0 start
2024-12-31T23:10:32: > next start -p 3100
2024-12-31T23:10:32: 
2024-12-31T23:10:33: 
2024-12-31T23:10:33: > crm-platform@0.1.0 start
2024-12-31T23:10:33: > next start -p 3100
2024-12-31T23:10:33: 
2024-12-31T23:10:34: 
2024-12-31T23:10:34: > crm-platform@0.1.0 start
2024-12-31T23:10:34: > next start -p 3100
2024-12-31T23:10:34: 
2024-12-31T23:10:35: 
2024-12-31T23:10:35: > crm-platform@0.1.0 start
2024-12-31T23:10:35: > next start -p 3100
2024-12-31T23:10:35: 
2024-12-31T23:10:36: 
2024-12-31T23:10:36: > crm-platform@0.1.0 start
2024-12-31T23:10:36: > next start -p 3100
2024-12-31T23:10:36: 
2024-12-31T23:10:36: 
2024-12-31T23:10:36: > crm-platform@0.1.0 start
2024-12-31T23:10:36: > next start -p 3100
2024-12-31T23:10:36: 
2024-12-31T23:10:37: 
2024-12-31T23:10:37: > crm-platform@0.1.0 start
2024-12-31T23:10:37: > next start -p 3100
2024-12-31T23:10:37: 
2024-12-31T23:10:38: 
2024-12-31T23:10:38: > crm-platform@0.1.0 start
2024-12-31T23:10:38: > next start -p 3100
2024-12-31T23:10:38: 
2024-12-31T23:10:38: 
2024-12-31T23:10:38: > crm-platform@0.1.0 start
2024-12-31T23:10:38: > next start -p 3100
2024-12-31T23:10:38: 
2024-12-31T23:10:39: 
2024-12-31T23:10:39: > crm-platform@0.1.0 start
2024-12-31T23:10:39: > next start -p 3100
2024-12-31T23:10:39: 
2024-12-31T23:10:40: 
2024-12-31T23:10:40: > crm-platform@0.1.0 start
2024-12-31T23:10:40: > next start -p 3100
2024-12-31T23:10:40: 
2024-12-31T23:10:41: 
2024-12-31T23:10:41: > crm-platform@0.1.0 start
2024-12-31T23:10:41: > next start -p 3100
2024-12-31T23:10:41: 
2024-12-31T23:10:42: 
2024-12-31T23:10:42: > crm-platform@0.1.0 start
2024-12-31T23:10:42: > next start -p 3100
2024-12-31T23:10:42: 
2024-12-31T23:10:42: 
2024-12-31T23:10:42: > crm-platform@0.1.0 start
2024-12-31T23:10:42: > next start -p 3100
2024-12-31T23:10:42: 
2024-12-31T23:10:43: 
2024-12-31T23:10:43: > crm-platform@0.1.0 start
2024-12-31T23:10:43: > next start -p 3100
2024-12-31T23:10:43: 
2024-12-31T23:10:44: 
2024-12-31T23:10:44: > crm-platform@0.1.0 start
2024-12-31T23:10:44: > next start -p 3100
2024-12-31T23:10:44: 
2024-12-31T23:10:45: 
2024-12-31T23:10:45: > crm-platform@0.1.0 start
2024-12-31T23:10:45: > next start -p 3100
2024-12-31T23:10:45: 
2024-12-31T23:10:45: 
2024-12-31T23:10:45: > crm-platform@0.1.0 start
2024-12-31T23:10:45: > next start -p 3100
2024-12-31T23:10:45: 
2024-12-31T23:10:46: 
2024-12-31T23:10:46: > crm-platform@0.1.0 start
2024-12-31T23:10:46: > next start -p 3100
2024-12-31T23:10:46: 
2024-12-31T23:10:47: 
2024-12-31T23:10:47: > crm-platform@0.1.0 start
2024-12-31T23:10:47: > next start -p 3100
2024-12-31T23:10:47: 
2024-12-31T23:10:48: 
2024-12-31T23:10:48: > crm-platform@0.1.0 start
2024-12-31T23:10:48: > next start -p 3100
2024-12-31T23:10:48: 
2024-12-31T23:10:49: 
2024-12-31T23:10:49: > crm-platform@0.1.0 start
2024-12-31T23:10:49: > next start -p 3100
2024-12-31T23:10:49: 
2024-12-31T23:10:49: 
2024-12-31T23:10:49: > crm-platform@0.1.0 start
2024-12-31T23:10:49: > next start -p 3100
2024-12-31T23:10:49: 
2024-12-31T23:10:50: 
2024-12-31T23:10:50: > crm-platform@0.1.0 start
2024-12-31T23:10:50: > next start -p 3100
2024-12-31T23:10:50: 
2024-12-31T23:10:51: 
2024-12-31T23:10:51: > crm-platform@0.1.0 start
2024-12-31T23:10:51: > next start -p 3100
2024-12-31T23:10:51: 
2024-12-31T23:10:52: 
2024-12-31T23:10:52: > crm-platform@0.1.0 start
2024-12-31T23:10:52: > next start -p 3100
2024-12-31T23:10:52: 
2024-12-31T23:10:52: 
2024-12-31T23:10:52: > crm-platform@0.1.0 start
2024-12-31T23:10:52: > next start -p 3100
2024-12-31T23:10:52: 
2024-12-31T23:10:53: 
2024-12-31T23:10:53: > crm-platform@0.1.0 start
2024-12-31T23:10:53: > next start -p 3100
2024-12-31T23:10:53: 
2024-12-31T23:10:54: 
2024-12-31T23:10:54: > crm-platform@0.1.0 start
2024-12-31T23:10:54: > next start -p 3100
2024-12-31T23:10:54: 
2024-12-31T23:10:55: 
2024-12-31T23:10:55: > crm-platform@0.1.0 start
2024-12-31T23:10:55: > next start -p 3100
2024-12-31T23:10:55: 
2024-12-31T23:10:55: 
2024-12-31T23:10:55: > crm-platform@0.1.0 start
2024-12-31T23:10:55: > next start -p 3100
2024-12-31T23:10:55: 
2024-12-31T23:10:56: 
2024-12-31T23:10:56: > crm-platform@0.1.0 start
2024-12-31T23:10:56: > next start -p 3100
2024-12-31T23:10:56: 
2024-12-31T23:10:57: 
2024-12-31T23:10:57: > crm-platform@0.1.0 start
2024-12-31T23:10:57: > next start -p 3100
2024-12-31T23:10:57: 
2024-12-31T23:10:58: 
2024-12-31T23:10:58: > crm-platform@0.1.0 start
2024-12-31T23:10:58: > next start -p 3100
2024-12-31T23:10:58: 
2024-12-31T23:10:58: 
2024-12-31T23:10:58: > crm-platform@0.1.0 start
2024-12-31T23:10:58: > next start -p 3100
2024-12-31T23:10:58: 
2024-12-31T23:10:59: 
2024-12-31T23:10:59: > crm-platform@0.1.0 start
2024-12-31T23:10:59: > next start -p 3100
2024-12-31T23:10:59: 
2024-12-31T23:11:00: 
2024-12-31T23:11:00: > crm-platform@0.1.0 start
2024-12-31T23:11:00: > next start -p 3100
2024-12-31T23:11:00: 
2024-12-31T23:11:01: 
2024-12-31T23:11:01: > crm-platform@0.1.0 start
2024-12-31T23:11:01: > next start -p 3100
2024-12-31T23:11:01: 
2024-12-31T23:11:02: 
2024-12-31T23:11:02: > crm-platform@0.1.0 start
2024-12-31T23:11:02: > next start -p 3100
2024-12-31T23:11:02: 
2024-12-31T23:11:02: 
2024-12-31T23:11:02: > crm-platform@0.1.0 start
2024-12-31T23:11:02: > next start -p 3100
2024-12-31T23:11:02: 
2024-12-31T23:11:03: 
2024-12-31T23:11:03: > crm-platform@0.1.0 start
2024-12-31T23:11:03: > next start -p 3100
2024-12-31T23:11:03: 
2024-12-31T23:11:04: 
2024-12-31T23:11:04: > crm-platform@0.1.0 start
2024-12-31T23:11:04: > next start -p 3100
2024-12-31T23:11:04: 
2024-12-31T23:11:05: 
2024-12-31T23:11:05: > crm-platform@0.1.0 start
2024-12-31T23:11:05: > next start -p 3100
2024-12-31T23:11:05: 
2024-12-31T23:11:05: 
2024-12-31T23:11:05: > crm-platform@0.1.0 start
2024-12-31T23:11:05: > next start -p 3100
2024-12-31T23:11:05: 
2024-12-31T23:11:06: 
2024-12-31T23:11:06: > crm-platform@0.1.0 start
2024-12-31T23:11:06: > next start -p 3100
2024-12-31T23:11:06: 
2024-12-31T23:11:07: 
2024-12-31T23:11:07: > crm-platform@0.1.0 start
2024-12-31T23:11:07: > next start -p 3100
2024-12-31T23:11:07: 
2024-12-31T23:11:07: 
2024-12-31T23:11:07: > crm-platform@0.1.0 start
2024-12-31T23:11:07: > next start -p 3100
2024-12-31T23:11:07: 
2024-12-31T23:11:08: 
2024-12-31T23:11:08: > crm-platform@0.1.0 start
2024-12-31T23:11:08: > next start -p 3100
2024-12-31T23:11:08: 
2024-12-31T23:11:09: 
2024-12-31T23:11:09: > crm-platform@0.1.0 start
2024-12-31T23:11:09: > next start -p 3100
2024-12-31T23:11:09: 
2024-12-31T23:11:10: 
2024-12-31T23:11:10: > crm-platform@0.1.0 start
2024-12-31T23:11:10: > next start -p 3100
2024-12-31T23:11:10: 
2024-12-31T23:11:11: 
2024-12-31T23:11:11: > crm-platform@0.1.0 start
2024-12-31T23:11:11: > next start -p 3100
2024-12-31T23:11:11: 
2024-12-31T23:11:11: 
2024-12-31T23:11:11: > crm-platform@0.1.0 start
2024-12-31T23:11:11: > next start -p 3100
2024-12-31T23:11:11: 
2024-12-31T23:11:12: 
2024-12-31T23:11:12: > crm-platform@0.1.0 start
2024-12-31T23:11:12: > next start -p 3100
2024-12-31T23:11:12: 
2024-12-31T23:11:13: 
2024-12-31T23:11:13: > crm-platform@0.1.0 start
2024-12-31T23:11:13: > next start -p 3100
2024-12-31T23:11:13: 
2024-12-31T23:11:14: 
2024-12-31T23:11:14: > crm-platform@0.1.0 start
2024-12-31T23:11:14: > next start -p 3100
2024-12-31T23:11:14: 
2024-12-31T23:11:15: 
2024-12-31T23:11:15: > crm-platform@0.1.0 start
2024-12-31T23:11:15: > next start -p 3100
2024-12-31T23:11:15: 
2024-12-31T23:11:15: 
2024-12-31T23:11:15: > crm-platform@0.1.0 start
2024-12-31T23:11:15: > next start -p 3100
2024-12-31T23:11:15: 
2024-12-31T23:11:16: 
2024-12-31T23:11:16: > crm-platform@0.1.0 start
2024-12-31T23:11:16: > next start -p 3100
2024-12-31T23:11:16: 
2024-12-31T23:11:17: 
2024-12-31T23:11:17: > crm-platform@0.1.0 start
2024-12-31T23:11:17: > next start -p 3100
2024-12-31T23:11:17: 
2024-12-31T23:11:18: 
2024-12-31T23:11:18: > crm-platform@0.1.0 start
2024-12-31T23:11:18: > next start -p 3100
2024-12-31T23:11:18: 
2024-12-31T23:11:18: 
2024-12-31T23:11:18: > crm-platform@0.1.0 start
2024-12-31T23:11:18: > next start -p 3100
2024-12-31T23:11:18: 
2024-12-31T23:11:19: 
2024-12-31T23:11:19: > crm-platform@0.1.0 start
2024-12-31T23:11:19: > next start -p 3100
2024-12-31T23:11:19: 
2024-12-31T23:11:20: 
2024-12-31T23:11:20: > crm-platform@0.1.0 start
2024-12-31T23:11:20: > next start -p 3100
2024-12-31T23:11:20: 
2024-12-31T23:11:21: 
2024-12-31T23:11:21: > crm-platform@0.1.0 start
2024-12-31T23:11:21: > next start -p 3100
2024-12-31T23:11:21: 
2024-12-31T23:11:21: 
2024-12-31T23:11:21: > crm-platform@0.1.0 start
2024-12-31T23:11:21: > next start -p 3100
2024-12-31T23:11:21: 
2024-12-31T23:11:22: 
2024-12-31T23:11:22: > crm-platform@0.1.0 start
2024-12-31T23:11:22: > next start -p 3100
2024-12-31T23:11:22: 
2024-12-31T23:11:23: 
2024-12-31T23:11:23: > crm-platform@0.1.0 start
2024-12-31T23:11:23: > next start -p 3100
2024-12-31T23:11:23: 
2024-12-31T23:11:24: 
2024-12-31T23:11:24: > crm-platform@0.1.0 start
2024-12-31T23:11:24: > next start -p 3100
2024-12-31T23:11:24: 
2024-12-31T23:11:25: 
2024-12-31T23:11:25: > crm-platform@0.1.0 start
2024-12-31T23:11:25: > next start -p 3100
2024-12-31T23:11:25: 
2024-12-31T23:11:25: 
2024-12-31T23:11:25: > crm-platform@0.1.0 start
2024-12-31T23:11:25: > next start -p 3100
2024-12-31T23:11:25: 
2024-12-31T23:11:26: 
2024-12-31T23:11:26: > crm-platform@0.1.0 start
2024-12-31T23:11:26: > next start -p 3100
2024-12-31T23:11:26: 
2024-12-31T23:11:27: 
2024-12-31T23:11:27: > crm-platform@0.1.0 start
2024-12-31T23:11:27: > next start -p 3100
2024-12-31T23:11:27: 
2024-12-31T23:11:28: 
2024-12-31T23:11:28: > crm-platform@0.1.0 start
2024-12-31T23:11:28: > next start -p 3100
2024-12-31T23:11:28: 
2024-12-31T23:11:29: 
2024-12-31T23:11:29: > crm-platform@0.1.0 start
2024-12-31T23:11:29: > next start -p 3100
2024-12-31T23:11:29: 
2024-12-31T23:11:29: 
2024-12-31T23:11:29: > crm-platform@0.1.0 start
2024-12-31T23:11:29: > next start -p 3100
2024-12-31T23:11:29: 
2024-12-31T23:11:30: 
2024-12-31T23:11:30: > crm-platform@0.1.0 start
2024-12-31T23:11:30: > next start -p 3100
2024-12-31T23:11:30: 
2024-12-31T23:11:31: 
2024-12-31T23:11:31: > crm-platform@0.1.0 start
2024-12-31T23:11:31: > next start -p 3100
2024-12-31T23:11:31: 
2024-12-31T23:11:32: 
2024-12-31T23:11:32: > crm-platform@0.1.0 start
2024-12-31T23:11:32: > next start -p 3100
2024-12-31T23:11:32: 
2024-12-31T23:11:32: 
2024-12-31T23:11:32: > crm-platform@0.1.0 start
2024-12-31T23:11:32: > next start -p 3100
2024-12-31T23:11:32: 
2024-12-31T23:11:33: 
2024-12-31T23:11:33: > crm-platform@0.1.0 start
2024-12-31T23:11:33: > next start -p 3100
2024-12-31T23:11:33: 
2024-12-31T23:11:34: 
2024-12-31T23:11:34: > crm-platform@0.1.0 start
2024-12-31T23:11:34: > next start -p 3100
2024-12-31T23:11:34: 
2024-12-31T23:11:34: 
2024-12-31T23:11:34: > crm-platform@0.1.0 start
2024-12-31T23:11:34: > next start -p 3100
2024-12-31T23:11:34: 
2024-12-31T23:11:35: 
2024-12-31T23:11:35: > crm-platform@0.1.0 start
2024-12-31T23:11:35: > next start -p 3100
2024-12-31T23:11:35: 
2024-12-31T23:11:36: 
2024-12-31T23:11:36: > crm-platform@0.1.0 start
2024-12-31T23:11:36: > next start -p 3100
2024-12-31T23:11:36: 
2024-12-31T23:11:37: 
2024-12-31T23:11:37: > crm-platform@0.1.0 start
2024-12-31T23:11:37: > next start -p 3100
2024-12-31T23:11:37: 
2024-12-31T23:11:38: 
2024-12-31T23:11:38: > crm-platform@0.1.0 start
2024-12-31T23:11:38: > next start -p 3100
2024-12-31T23:11:38: 
2024-12-31T23:11:38: 
2024-12-31T23:11:38: > crm-platform@0.1.0 start
2024-12-31T23:11:38: > next start -p 3100
2024-12-31T23:11:38: 
2024-12-31T23:11:39: 
2024-12-31T23:11:39: > crm-platform@0.1.0 start
2024-12-31T23:11:39: > next start -p 3100
2024-12-31T23:11:39: 
2024-12-31T23:11:40: 
2024-12-31T23:11:40: > crm-platform@0.1.0 start
2024-12-31T23:11:40: > next start -p 3100
2024-12-31T23:11:40: 
2024-12-31T23:11:41: 
2024-12-31T23:11:41: > crm-platform@0.1.0 start
2024-12-31T23:11:41: > next start -p 3100
2024-12-31T23:11:41: 
2024-12-31T23:11:42: 
2024-12-31T23:11:42: > crm-platform@0.1.0 start
2024-12-31T23:11:42: > next start -p 3100
2024-12-31T23:11:42: 
2024-12-31T23:11:43: 
2024-12-31T23:11:43: > crm-platform@0.1.0 start
2024-12-31T23:11:43: > next start -p 3100
2024-12-31T23:11:43: 
2024-12-31T23:11:43: 
2024-12-31T23:11:43: > crm-platform@0.1.0 start
2024-12-31T23:11:43: > next start -p 3100
2024-12-31T23:11:43: 
2024-12-31T23:11:44: 
2024-12-31T23:11:44: > crm-platform@0.1.0 start
2024-12-31T23:11:44: > next start -p 3100
2024-12-31T23:11:44: 
2024-12-31T23:11:45: 
2024-12-31T23:11:45: > crm-platform@0.1.0 start
2024-12-31T23:11:45: > next start -p 3100
2024-12-31T23:11:45: 
2024-12-31T23:11:45: 
2024-12-31T23:11:45: > crm-platform@0.1.0 start
2024-12-31T23:11:45: > next start -p 3100
2024-12-31T23:11:45: 
2024-12-31T23:11:46: 
2024-12-31T23:11:46: > crm-platform@0.1.0 start
2024-12-31T23:11:46: > next start -p 3100
2024-12-31T23:11:46: 
2024-12-31T23:11:47: 
2024-12-31T23:11:47: > crm-platform@0.1.0 start
2024-12-31T23:11:47: > next start -p 3100
2024-12-31T23:11:47: 
2024-12-31T23:11:48: 
2024-12-31T23:11:48: > crm-platform@0.1.0 start
2024-12-31T23:11:48: > next start -p 3100
2024-12-31T23:11:48: 
2024-12-31T23:11:48: 
2024-12-31T23:11:48: > crm-platform@0.1.0 start
2024-12-31T23:11:48: > next start -p 3100
2024-12-31T23:11:48: 
2024-12-31T23:11:49: 
2024-12-31T23:11:49: > crm-platform@0.1.0 start
2024-12-31T23:11:49: > next start -p 3100
2024-12-31T23:11:49: 
2024-12-31T23:11:50: 
2024-12-31T23:11:50: > crm-platform@0.1.0 start
2024-12-31T23:11:50: > next start -p 3100
2024-12-31T23:11:50: 
2024-12-31T23:11:51: 
2024-12-31T23:11:51: > crm-platform@0.1.0 start
2024-12-31T23:11:51: > next start -p 3100
2024-12-31T23:11:51: 
2024-12-31T23:11:52: 
2024-12-31T23:11:52: > crm-platform@0.1.0 start
2024-12-31T23:11:52: > next start -p 3100
2024-12-31T23:11:52: 
2024-12-31T23:11:52: 
2024-12-31T23:11:52: > crm-platform@0.1.0 start
2024-12-31T23:11:52: > next start -p 3100
2024-12-31T23:11:52: 
2024-12-31T23:11:53: 
2024-12-31T23:11:53: > crm-platform@0.1.0 start
2024-12-31T23:11:53: > next start -p 3100
2024-12-31T23:11:53: 
2024-12-31T23:11:54: 
2024-12-31T23:11:54: > crm-platform@0.1.0 start
2024-12-31T23:11:54: > next start -p 3100
2024-12-31T23:11:54: 
2024-12-31T23:11:55: 
2024-12-31T23:11:55: > crm-platform@0.1.0 start
2024-12-31T23:11:55: > next start -p 3100
2024-12-31T23:11:55: 
2024-12-31T23:11:56: 
2024-12-31T23:11:56: > crm-platform@0.1.0 start
2024-12-31T23:11:56: > next start -p 3100
2024-12-31T23:11:56: 
2024-12-31T23:11:56: 
2024-12-31T23:11:56: > crm-platform@0.1.0 start
2024-12-31T23:11:56: > next start -p 3100
2024-12-31T23:11:56: 
2024-12-31T23:11:57: 
2024-12-31T23:11:57: > crm-platform@0.1.0 start
2024-12-31T23:11:57: > next start -p 3100
2024-12-31T23:11:57: 
2024-12-31T23:11:58: 
2024-12-31T23:11:58: > crm-platform@0.1.0 start
2024-12-31T23:11:58: > next start -p 3100
2024-12-31T23:11:58: 
2024-12-31T23:11:59: 
2024-12-31T23:11:59: > crm-platform@0.1.0 start
2024-12-31T23:11:59: > next start -p 3100
2024-12-31T23:11:59: 
2024-12-31T23:11:59: 
2024-12-31T23:11:59: > crm-platform@0.1.0 start
2024-12-31T23:11:59: > next start -p 3100
2024-12-31T23:11:59: 
2024-12-31T23:12:00: 
2024-12-31T23:12:00: > crm-platform@0.1.0 start
2024-12-31T23:12:00: > next start -p 3100
2024-12-31T23:12:00: 
2024-12-31T23:12:01: 
2024-12-31T23:12:01: > crm-platform@0.1.0 start
2024-12-31T23:12:01: > next start -p 3100
2024-12-31T23:12:01: 
2024-12-31T23:12:01: 
2024-12-31T23:12:01: > crm-platform@0.1.0 start
2024-12-31T23:12:01: > next start -p 3100
2024-12-31T23:12:01: 
2024-12-31T23:12:02: 
2024-12-31T23:12:02: > crm-platform@0.1.0 start
2024-12-31T23:12:02: > next start -p 3100
2024-12-31T23:12:02: 
2024-12-31T23:12:03: 
2024-12-31T23:12:03: > crm-platform@0.1.0 start
2024-12-31T23:12:03: > next start -p 3100
2024-12-31T23:12:03: 
2024-12-31T23:12:04: 
2024-12-31T23:12:04: > crm-platform@0.1.0 start
2024-12-31T23:12:04: > next start -p 3100
2024-12-31T23:12:04: 
2024-12-31T23:12:05:   ▲ Next.js 14.2.22
2024-12-31T23:12:05:   - Local:        http://localhost:3100
2024-12-31T23:12:05: 
2024-12-31T23:12:05:  ✓ Starting...
2024-12-31T23:12:05:  ✓ Ready in 972ms
2024-12-31T23:24:27: 
2024-12-31T23:24:27: > crm-platform@0.1.0 start
2024-12-31T23:24:27: > next start -p 3100
2024-12-31T23:24:27: 
2024-12-31T23:24:28:   ▲ Next.js 14.2.22
2024-12-31T23:24:28:   - Local:        http://localhost:3100
2024-12-31T23:24:28: 
2024-12-31T23:24:28:  ✓ Starting...
2024-12-31T23:24:28:  ✓ Ready in 889ms
2025-01-01T02:06:12: > Ready on http://crm.myinvoices.today:3100
2025-01-01T02:07:02: > Ready on http://crm.myinvoices.today:3100
2025-01-01T02:08:56: > Ready on http://crm.myinvoices.today:3100
2025-01-01T02:24:27: > Ready on http://crm.myinvoices.today:3100
2025-01-01T02:24:55: > Ready on http://crm.myinvoices.today:3100
2025-01-01T02:28:54: > Ready on http://crm.myinvoices.today:3100
2025-01-01T02:29:22: > Ready on http://crm.myinvoices.today:3100
2025-01-01T02:32:14: > Ready on http://crm.myinvoices.today:3100
2025-01-01T02:34:42: > Ready on http://crm.myinvoices.today:3100
2025-01-01T02:38:52: > Ready on http://crm.myinvoices.today:3100
2025-01-01T02:41:43:   ▲ Next.js 14.2.22
2025-01-01T02:41:43:   - Local:        http://crm.myinvoices.today:3100
2025-01-01T02:41:43:   - Network:      http://127.0.0.1:3100
2025-01-01T02:41:43: 
2025-01-01T02:41:43:  ✓ Starting...
2025-01-01T02:41:44:  ✓ Ready in 807ms
2025-01-01T02:50:25:   ▲ Next.js 14.2.22
2025-01-01T02:50:25:   - Local:        http://crm.myinvoices.today:3100
2025-01-01T02:50:25:   - Network:      http://127.0.0.1:3100
2025-01-01T02:50:25: 
2025-01-01T02:50:25:  ✓ Starting...
2025-01-01T02:50:25:  ✓ Ready in 2.1s
